{"/home/travis/build/npmtest/node-npmtest-node-twitter-api/test.js":{"path":"/home/travis/build/npmtest/node-npmtest-node-twitter-api/test.js","s":{"1":2,"2":2,"3":2,"4":2,"5":2,"6":2,"7":2,"8":1,"9":2,"10":2,"11":1,"12":1,"13":1,"14":1,"15":2,"16":2,"17":2,"18":2,"19":1,"20":1,"21":2,"22":2,"23":2,"24":1,"25":1,"26":1,"27":1,"28":1,"29":1,"30":1,"31":1,"32":1,"33":1,"34":1,"35":1,"36":1,"37":1,"38":1,"39":2,"40":2,"41":1,"42":2,"43":2,"44":1,"45":2,"46":2,"47":1,"48":2,"49":2,"50":1,"51":1,"52":1,"53":1,"54":1},"b":{"1":[2,1,1,1],"2":[1,1,1,1],"3":[1,1],"4":[1,1],"5":[1,1],"6":[1,1],"7":[1,1],"8":[1,1],"9":[1,1],"10":[1,1,1],"11":[1,1],"12":[1,1],"13":[1,1],"14":[1,1],"15":[1,1],"16":[1,1],"17":[1,1]},"f":{"1":2,"2":2,"3":2,"4":2,"5":2,"6":1,"7":1,"8":1,"9":2,"10":2,"11":2,"12":2,"13":1},"fnMap":{"1":{"name":"(anonymous_1)","line":12,"loc":{"start":{"line":12,"column":1},"end":{"line":12,"column":13}}},"2":{"name":"(anonymous_2)","line":19,"loc":{"start":{"line":19,"column":5},"end":{"line":19,"column":17}}},"3":{"name":"(anonymous_3)","line":23,"loc":{"start":{"line":23,"column":24},"end":{"line":23,"column":36}}},"4":{"name":"(anonymous_4)","line":61,"loc":{"start":{"line":61,"column":5},"end":{"line":61,"column":17}}},"5":{"name":"(anonymous_5)","line":82,"loc":{"start":{"line":82,"column":5},"end":{"line":82,"column":17}}},"6":{"name":"(anonymous_6)","line":91,"loc":{"start":{"line":91,"column":77},"end":{"line":94,"column":10}}},"7":{"name":"(anonymous_7)","line":112,"loc":{"start":{"line":112,"column":83},"end":{"line":115,"column":10}},"skip":true},"8":{"name":"(anonymous_8)","line":123,"loc":{"start":{"line":123,"column":77},"end":{"line":126,"column":10}},"skip":true},"9":{"name":"(anonymous_9)","line":139,"loc":{"start":{"line":139,"column":12},"end":{"line":139,"column":40}},"skip":true},"10":{"name":"(anonymous_10)","line":147,"loc":{"start":{"line":147,"column":77},"end":{"line":150,"column":10}},"skip":true},"11":{"name":"(anonymous_11)","line":158,"loc":{"start":{"line":158,"column":83},"end":{"line":161,"column":10}},"skip":true},"12":{"name":"(anonymous_12)","line":169,"loc":{"start":{"line":169,"column":79},"end":{"line":172,"column":10}},"skip":true},"13":{"name":"(anonymous_13)","line":180,"loc":{"start":{"line":180,"column":75},"end":{"line":183,"column":10}},"skip":true}},"statementMap":{"1":{"start":{"line":12,"column":0},"end":{"line":195,"column":5}},"2":{"start":{"line":14,"column":4},"end":{"line":14,"column":14}},"3":{"start":{"line":19,"column":4},"end":{"line":56,"column":9}},"4":{"start":{"line":21,"column":8},"end":{"line":21,"column":19}},"5":{"start":{"line":23,"column":8},"end":{"line":35,"column":13}},"6":{"start":{"line":24,"column":12},"end":{"line":34,"column":13}},"7":{"start":{"line":25,"column":16},"end":{"line":28,"column":30}},"8":{"start":{"line":30,"column":16},"end":{"line":33,"column":27}},"9":{"start":{"line":37,"column":8},"end":{"line":39,"column":21}},"10":{"start":{"line":40,"column":8},"end":{"line":53,"column":9}},"11":{"start":{"line":43,"column":12},"end":{"line":46,"column":14}},"12":{"start":{"line":47,"column":12},"end":{"line":47,"column":18}},"13":{"start":{"line":50,"column":12},"end":{"line":51,"column":33}},"14":{"start":{"line":52,"column":12},"end":{"line":52,"column":18}},"15":{"start":{"line":55,"column":8},"end":{"line":55,"column":35}},"16":{"start":{"line":61,"column":4},"end":{"line":63,"column":9}},"17":{"start":{"line":62,"column":8},"end":{"line":62,"column":15}},"18":{"start":{"line":64,"column":4},"end":{"line":77,"column":5}},"19":{"start":{"line":70,"column":8},"end":{"line":70,"column":14}},"20":{"start":{"line":76,"column":8},"end":{"line":76,"column":14}},"21":{"start":{"line":82,"column":4},"end":{"line":84,"column":9}},"22":{"start":{"line":83,"column":8},"end":{"line":83,"column":15}},"23":{"start":{"line":85,"column":4},"end":{"line":194,"column":5}},"24":{"start":{"line":91,"column":8},"end":{"line":99,"column":10}},"25":{"start":{"line":98,"column":12},"end":{"line":98,"column":35}},"26":{"start":{"line":102,"column":8},"end":{"line":104,"column":63}},"27":{"start":{"line":105,"column":8},"end":{"line":105,"column":14}},"28":{"start":{"line":112,"column":8},"end":{"line":121,"column":10},"skip":true},"29":{"start":{"line":119,"column":12},"end":{"line":119,"column":55},"skip":true},"30":{"start":{"line":120,"column":12},"end":{"line":120,"column":48},"skip":true},"31":{"start":{"line":123,"column":8},"end":{"line":136,"column":10},"skip":true},"32":{"start":{"line":130,"column":12},"end":{"line":130,"column":76},"skip":true},"33":{"start":{"line":131,"column":12},"end":{"line":131,"column":73},"skip":true},"34":{"start":{"line":132,"column":12},"end":{"line":132,"column":74},"skip":true},"35":{"start":{"line":133,"column":12},"end":{"line":133,"column":79},"skip":true},"36":{"start":{"line":134,"column":12},"end":{"line":134,"column":25},"skip":true},"37":{"start":{"line":135,"column":12},"end":{"line":135,"column":45},"skip":true},"38":{"start":{"line":138,"column":8},"end":{"line":145,"column":14},"skip":true},"39":{"start":{"line":143,"column":16},"end":{"line":143,"column":29},"skip":true},"40":{"start":{"line":144,"column":16},"end":{"line":144,"column":55},"skip":true},"41":{"start":{"line":147,"column":8},"end":{"line":156,"column":10},"skip":true},"42":{"start":{"line":154,"column":12},"end":{"line":154,"column":25},"skip":true},"43":{"start":{"line":155,"column":12},"end":{"line":155,"column":45},"skip":true},"44":{"start":{"line":158,"column":8},"end":{"line":167,"column":10},"skip":true},"45":{"start":{"line":165,"column":12},"end":{"line":165,"column":25},"skip":true},"46":{"start":{"line":166,"column":12},"end":{"line":166,"column":48},"skip":true},"47":{"start":{"line":169,"column":8},"end":{"line":178,"column":10},"skip":true},"48":{"start":{"line":176,"column":12},"end":{"line":176,"column":25},"skip":true},"49":{"start":{"line":177,"column":12},"end":{"line":177,"column":46},"skip":true},"50":{"start":{"line":180,"column":8},"end":{"line":189,"column":10},"skip":true},"51":{"start":{"line":187,"column":12},"end":{"line":187,"column":94},"skip":true},"52":{"start":{"line":188,"column":12},"end":{"line":188,"column":48},"skip":true},"53":{"start":{"line":192,"column":8},"end":{"line":192,"column":35},"skip":true},"54":{"start":{"line":193,"column":8},"end":{"line":193,"column":14},"skip":true}},"branchMap":{"1":{"line":25,"type":"binary-expr","locations":[{"start":{"line":25,"column":23},"end":{"line":25,"column":62}},{"start":{"line":26,"column":20},"end":{"line":26,"column":70}},{"start":{"line":27,"column":20},"end":{"line":27,"column":71}},{"start":{"line":28,"column":20},"end":{"line":28,"column":29}}]},"2":{"line":30,"type":"binary-expr","locations":[{"start":{"line":30,"column":23},"end":{"line":30,"column":37}},{"start":{"line":31,"column":20},"end":{"line":31,"column":61}},{"start":{"line":32,"column":20},"end":{"line":32,"column":70}},{"start":{"line":33,"column":20},"end":{"line":33,"column":26}}]},"3":{"line":37,"type":"cond-expr","locations":[{"start":{"line":38,"column":14},"end":{"line":38,"column":20}},{"start":{"line":39,"column":14},"end":{"line":39,"column":20}}]},"4":{"line":40,"type":"switch","locations":[{"start":{"line":42,"column":8},"end":{"line":47,"column":18}},{"start":{"line":49,"column":8},"end":{"line":52,"column":18}}]},"5":{"line":44,"type":"binary-expr","locations":[{"start":{"line":44,"column":16},"end":{"line":44,"column":44}},{"start":{"line":44,"column":48},"end":{"line":44,"column":66}}]},"6":{"line":50,"type":"binary-expr","locations":[{"start":{"line":50,"column":21},"end":{"line":50,"column":49}},{"start":{"line":50,"column":53},"end":{"line":50,"column":72}}]},"7":{"line":64,"type":"switch","locations":[{"start":{"line":69,"column":4},"end":{"line":70,"column":14}},{"start":{"line":75,"column":4},"end":{"line":76,"column":14}}]},"8":{"line":85,"type":"switch","locations":[{"start":{"line":90,"column":4},"end":{"line":105,"column":14}},{"start":{"line":111,"column":4},"end":{"line":193,"column":14},"skip":true}]},"9":{"line":91,"type":"binary-expr","locations":[{"start":{"line":91,"column":42},"end":{"line":91,"column":73}},{"start":{"line":91,"column":77},"end":{"line":99,"column":9}}]},"10":{"line":102,"type":"binary-expr","locations":[{"start":{"line":102,"column":18},"end":{"line":102,"column":32}},{"start":{"line":103,"column":12},"end":{"line":103,"column":53}},{"start":{"line":104,"column":12},"end":{"line":104,"column":61}}]},"11":{"line":112,"type":"binary-expr","locations":[{"start":{"line":112,"column":45},"end":{"line":112,"column":79},"skip":true},{"start":{"line":112,"column":83},"end":{"line":121,"column":9},"skip":true}]},"12":{"line":123,"type":"binary-expr","locations":[{"start":{"line":123,"column":42},"end":{"line":123,"column":73},"skip":true},{"start":{"line":123,"column":77},"end":{"line":136,"column":9},"skip":true}]},"13":{"line":138,"type":"binary-expr","locations":[{"start":{"line":138,"column":48},"end":{"line":138,"column":85},"skip":true},{"start":{"line":139,"column":12},"end":{"line":145,"column":13},"skip":true}]},"14":{"line":147,"type":"binary-expr","locations":[{"start":{"line":147,"column":42},"end":{"line":147,"column":73},"skip":true},{"start":{"line":147,"column":77},"end":{"line":156,"column":9},"skip":true}]},"15":{"line":158,"type":"binary-expr","locations":[{"start":{"line":158,"column":45},"end":{"line":158,"column":79},"skip":true},{"start":{"line":158,"column":83},"end":{"line":167,"column":9},"skip":true}]},"16":{"line":169,"type":"binary-expr","locations":[{"start":{"line":169,"column":43},"end":{"line":169,"column":75},"skip":true},{"start":{"line":169,"column":79},"end":{"line":178,"column":9},"skip":true}]},"17":{"line":180,"type":"binary-expr","locations":[{"start":{"line":180,"column":41},"end":{"line":180,"column":71},"skip":true},{"start":{"line":180,"column":75},"end":{"line":189,"column":9},"skip":true}]}},"code":["/* istanbul instrument in package npmtest_node_twitter_api */","/*jslint","    bitwise: true,","    browser: true,","    maxerr: 8,","    maxlen: 96,","    node: true,","    nomen: true,","    regexp: true,","    stupid: true","*/","(function () {","    'use strict';","    var local;","","","","    // run shared js-env code - pre-init","    (function () {","        // init local","        local = {};","        // init modeJs","        local.modeJs = (function () {","            try {","                return typeof navigator.userAgent === 'string' &&","                    typeof document.querySelector('body') === 'object' &&","                    typeof XMLHttpRequest.prototype.open === 'function' &&","                    'browser';","            } catch (errorCaughtBrowser) {","                return module.exports &&","                    typeof process.versions.node === 'string' &&","                    typeof require('http').createServer === 'function' &&","                    'node';","            }","        }());","        // init global","        local.global = local.modeJs === 'browser'","            ? window","            : global;","        switch (local.modeJs) {","        // re-init local from window.local","        case 'browser':","            local = local.global.utility2.objectSetDefault(","                local.global.utility2_rollup || local.global.local,","                local.global.utility2","            );","            break;","        // re-init local from example.js","        case 'node':","            local = (local.global.utility2_rollup || require('utility2'))","                .requireReadme();","            break;","        }","        // export local","        local.global.local = local;","    }());","","","","    // run shared js-env code - function","    (function () {","        return;","    }());","    switch (local.modeJs) {","","","","    // run browser js-env code - function","    case 'browser':","        break;","","","","    // run node js-env code - function","    case 'node':","        break;","    }","","","","    // run shared js-env code - post-init","    (function () {","        return;","    }());","    switch (local.modeJs) {","","","","    // run browser js-env code - post-init","    case 'browser':","        local.testCase_browser_nullCase = local.testCase_browser_nullCase || function (","            options,","            onError","        ) {","        /*","         * this function will test browsers's null-case handling-behavior-behavior","         */","            onError(null, options);","        };","","        // run tests","        local.nop(local.modeTest &&","            document.querySelector('#testRunButton1') &&","            document.querySelector('#testRunButton1').click());","        break;","","","","    // run node js-env code - post-init","    /* istanbul ignore next */","    case 'node':","        local.testCase_buildApidoc_default = local.testCase_buildApidoc_default || function (","            options,","            onError","        ) {","        /*","         * this function will test buildApidoc's default handling-behavior-behavior","         */","            options = { modulePathList: module.paths };","            local.buildApidoc(options, onError);","        };","","        local.testCase_buildApp_default = local.testCase_buildApp_default || function (","            options,","            onError","        ) {","        /*","         * this function will test buildApp's default handling-behavior-behavior","         */","            local.testCase_buildReadme_default(options, local.onErrorThrow);","            local.testCase_buildLib_default(options, local.onErrorThrow);","            local.testCase_buildTest_default(options, local.onErrorThrow);","            local.testCase_buildCustomOrg_default(options, local.onErrorThrow);","            options = [];","            local.buildApp(options, onError);","        };","","        local.testCase_buildCustomOrg_default = local.testCase_buildCustomOrg_default ||","            function (options, onError) {","            /*","             * this function will test buildCustomOrg's default handling-behavior","             */","                options = {};","                local.buildCustomOrg(options, onError);","            };","","        local.testCase_buildLib_default = local.testCase_buildLib_default || function (","            options,","            onError","        ) {","        /*","         * this function will test buildLib's default handling-behavior","         */","            options = {};","            local.buildLib(options, onError);","        };","","        local.testCase_buildReadme_default = local.testCase_buildReadme_default || function (","            options,","            onError","        ) {","        /*","         * this function will test buildReadme's default handling-behavior-behavior","         */","            options = {};","            local.buildReadme(options, onError);","        };","","        local.testCase_buildTest_default = local.testCase_buildTest_default || function (","            options,","            onError","        ) {","        /*","         * this function will test buildTest's default handling-behavior","         */","            options = {};","            local.buildTest(options, onError);","        };","","        local.testCase_webpage_default = local.testCase_webpage_default || function (","            options,","            onError","        ) {","        /*","         * this function will test webpage's default handling-behavior","         */","            options = { modeCoverageMerge: true, url: local.serverLocalHost + '?modeTest=1' };","            local.browserTest(options, onError);","        };","","        // run test-server","        local.testRunServer(local);","        break;","    }","}());",""],"l":{"12":2,"14":2,"19":2,"21":2,"23":2,"24":2,"25":2,"30":1,"37":2,"40":2,"43":1,"47":1,"50":1,"52":1,"55":2,"61":2,"62":2,"64":2,"70":1,"76":1,"82":2,"83":2,"85":2,"91":1,"98":1,"102":1,"105":1,"112":1,"119":1,"120":1,"123":1,"130":1,"131":1,"132":1,"133":1,"134":1,"135":1,"138":1,"143":2,"144":2,"147":1,"154":2,"155":2,"158":1,"165":2,"166":2,"169":1,"176":2,"177":2,"180":1,"187":1,"188":1,"192":1,"193":1}},"/home/travis/build/npmtest/node-npmtest-node-twitter-api/lib.npmtest_node_twitter_api.js":{"path":"/home/travis/build/npmtest/node-npmtest-node-twitter-api/lib.npmtest_node_twitter_api.js","s":{"1":2,"2":2,"3":2,"4":2,"5":2,"6":2,"7":2,"8":1,"9":2,"10":2,"11":2,"12":2,"13":1,"14":1,"15":1,"16":1},"b":{"1":[2,1,1,1],"2":[1,1,1,1],"3":[1,1],"4":[2,2],"5":[1,1]},"f":{"1":2,"2":2,"3":2},"fnMap":{"1":{"name":"(anonymous_1)","line":12,"loc":{"start":{"line":12,"column":1},"end":{"line":12,"column":13}}},"2":{"name":"(anonymous_2)","line":19,"loc":{"start":{"line":19,"column":5},"end":{"line":19,"column":17}}},"3":{"name":"(anonymous_3)","line":23,"loc":{"start":{"line":23,"column":24},"end":{"line":23,"column":36}}}},"statementMap":{"1":{"start":{"line":12,"column":0},"end":{"line":53,"column":5}},"2":{"start":{"line":14,"column":4},"end":{"line":14,"column":14}},"3":{"start":{"line":19,"column":4},"end":{"line":52,"column":9}},"4":{"start":{"line":21,"column":8},"end":{"line":21,"column":19}},"5":{"start":{"line":23,"column":8},"end":{"line":35,"column":13}},"6":{"start":{"line":24,"column":12},"end":{"line":34,"column":13}},"7":{"start":{"line":25,"column":16},"end":{"line":28,"column":30}},"8":{"start":{"line":30,"column":16},"end":{"line":33,"column":27}},"9":{"start":{"line":37,"column":8},"end":{"line":39,"column":21}},"10":{"start":{"line":41,"column":8},"end":{"line":41,"column":54}},"11":{"start":{"line":43,"column":8},"end":{"line":43,"column":61}},"12":{"start":{"line":45,"column":8},"end":{"line":51,"column":9}},"13":{"start":{"line":46,"column":12},"end":{"line":46,"column":67}},"14":{"start":{"line":48,"column":12},"end":{"line":48,"column":35}},"15":{"start":{"line":49,"column":12},"end":{"line":49,"column":49}},"16":{"start":{"line":50,"column":12},"end":{"line":50,"column":43}}},"branchMap":{"1":{"line":25,"type":"binary-expr","locations":[{"start":{"line":25,"column":23},"end":{"line":25,"column":62}},{"start":{"line":26,"column":20},"end":{"line":26,"column":70}},{"start":{"line":27,"column":20},"end":{"line":27,"column":71}},{"start":{"line":28,"column":20},"end":{"line":28,"column":29}}]},"2":{"line":30,"type":"binary-expr","locations":[{"start":{"line":30,"column":23},"end":{"line":30,"column":37}},{"start":{"line":31,"column":20},"end":{"line":31,"column":61}},{"start":{"line":32,"column":20},"end":{"line":32,"column":70}},{"start":{"line":33,"column":20},"end":{"line":33,"column":26}}]},"3":{"line":37,"type":"cond-expr","locations":[{"start":{"line":38,"column":14},"end":{"line":38,"column":20}},{"start":{"line":39,"column":14},"end":{"line":39,"column":20}}]},"4":{"line":41,"type":"binary-expr","locations":[{"start":{"line":41,"column":16},"end":{"line":41,"column":44}},{"start":{"line":41,"column":48},"end":{"line":41,"column":53}}]},"5":{"line":45,"type":"if","locations":[{"start":{"line":45,"column":8},"end":{"line":45,"column":8}},{"start":{"line":45,"column":8},"end":{"line":45,"column":8}}]}},"code":["/* istanbul instrument in package npmtest_node_twitter_api */","/*jslint","    bitwise: true,","    browser: true,","    maxerr: 8,","    maxlen: 96,","    node: true,","    nomen: true,","    regexp: true,","    stupid: true","*/","(function () {","    'use strict';","    var local;","","","","    // run shared js-env code - pre-init","    (function () {","        // init local","        local = {};","        // init modeJs","        local.modeJs = (function () {","            try {","                return typeof navigator.userAgent === 'string' &&","                    typeof document.querySelector('body') === 'object' &&","                    typeof XMLHttpRequest.prototype.open === 'function' &&","                    'browser';","            } catch (errorCaughtBrowser) {","                return module.exports &&","                    typeof process.versions.node === 'string' &&","                    typeof require('http').createServer === 'function' &&","                    'node';","            }","        }());","        // init global","        local.global = local.modeJs === 'browser'","            ? window","            : global;","        // init utility2_rollup","        local = local.global.utility2_rollup || local;","        // init lib","        local.local = local.npmtest_node_twitter_api = local;","        // init exports","        if (local.modeJs === 'browser') {","            local.global.utility2_npmtest_node_twitter_api = local;","        } else {","            module.exports = local;","            module.exports.__dirname = __dirname;","            module.exports.module = module;","        }","    }());","}());",""],"l":{"12":2,"14":2,"19":2,"21":2,"23":2,"24":2,"25":2,"30":1,"37":2,"41":2,"43":2,"45":2,"46":1,"48":1,"49":1,"50":1}},"/home/travis/build/npmtest/node-npmtest-node-twitter-api/example.js":{"path":"/home/travis/build/npmtest/node-npmtest-node-twitter-api/example.js","s":{"1":2,"2":2,"3":2,"4":2,"5":2,"6":2,"7":2,"8":1,"9":2,"10":2,"11":2,"12":2,"13":1,"14":2,"15":2,"16":2,"17":2,"18":2,"19":0,"20":2,"21":1,"22":1,"23":1,"24":1,"25":1,"26":0,"27":0,"28":1,"29":1,"30":2,"31":0,"32":0,"33":0,"34":1,"35":2,"36":2,"37":3,"38":3,"39":3,"40":3,"41":0,"42":3,"43":3,"44":3,"45":1,"46":3,"47":1,"48":1,"49":1,"50":1,"51":1,"52":1,"53":1,"54":1,"55":1,"56":1,"57":0,"58":1,"59":6,"60":6,"61":1,"62":2,"63":0,"64":2,"65":1,"66":1,"67":0,"68":0,"69":0,"70":0,"71":0,"72":0,"73":0,"74":0,"75":0,"76":0,"77":0,"78":0,"79":0,"80":0,"81":0,"82":0,"83":0},"b":{"1":[2,1,1,1],"2":[1,1,1,1],"3":[1,1],"4":[2,2],"5":[1,1],"6":[1,1],"7":[2,0],"8":[2,1,1,1,1,1],"9":[0,2,0],"10":[1,1],"11":[2,1,1],"12":[1,0],"13":[0,2],"14":[2,0,0,0,0,0,0],"15":[0,3],"16":[3,0],"17":[1,1],"18":[0,1],"19":[1,2,0,2],"20":[1,0],"21":[1,1],"22":[0,0],"23":[0,0],"24":[0,0],"25":[0,0],"26":[0,0],"27":[0,0],"28":[0,0]},"f":{"1":2,"2":2,"3":2,"4":2,"5":2,"6":2,"7":3,"8":3,"9":3,"10":1,"11":6,"12":0},"fnMap":{"1":{"name":"(anonymous_1)","line":26,"loc":{"start":{"line":26,"column":1},"end":{"line":26,"column":13}}},"2":{"name":"(anonymous_2)","line":33,"loc":{"start":{"line":33,"column":5},"end":{"line":33,"column":17}}},"3":{"name":"(anonymous_3)","line":37,"loc":{"start":{"line":37,"column":24},"end":{"line":37,"column":36}}},"4":{"name":"(anonymous_4)","line":69,"loc":{"start":{"line":69,"column":31},"end":{"line":69,"column":48}},"skip":true},"5":{"name":"(anonymous_5)","line":78,"loc":{"start":{"line":78,"column":26},"end":{"line":78,"column":45}},"skip":true},"6":{"name":"(anonymous_6)","line":123,"loc":{"start":{"line":123,"column":33},"end":{"line":123,"column":48}},"skip":true},"7":{"name":"(anonymous_7)","line":125,"loc":{"start":{"line":125,"column":27},"end":{"line":125,"column":39}},"skip":true},"8":{"name":"(anonymous_8)","line":133,"loc":{"start":{"line":133,"column":59},"end":{"line":133,"column":74}},"skip":true},"9":{"name":"(anonymous_9)","line":143,"loc":{"start":{"line":143,"column":45},"end":{"line":143,"column":62}},"skip":true},"10":{"name":"(anonymous_10)","line":144,"loc":{"start":{"line":144,"column":73},"end":{"line":144,"column":92}},"skip":true},"11":{"name":"(anonymous_11)","line":272,"loc":{"start":{"line":272,"column":51},"end":{"line":272,"column":77}},"skip":true},"12":{"name":"(anonymous_12)","line":315,"loc":{"start":{"line":315,"column":32},"end":{"line":315,"column":61}},"skip":true}},"statementMap":{"1":{"start":{"line":26,"column":0},"end":{"line":326,"column":5}},"2":{"start":{"line":28,"column":4},"end":{"line":28,"column":14}},"3":{"start":{"line":33,"column":4},"end":{"line":60,"column":9}},"4":{"start":{"line":35,"column":8},"end":{"line":35,"column":19}},"5":{"start":{"line":37,"column":8},"end":{"line":49,"column":13}},"6":{"start":{"line":38,"column":12},"end":{"line":48,"column":13}},"7":{"start":{"line":39,"column":16},"end":{"line":42,"column":30}},"8":{"start":{"line":44,"column":16},"end":{"line":47,"column":27}},"9":{"start":{"line":51,"column":8},"end":{"line":53,"column":21}},"10":{"start":{"line":55,"column":8},"end":{"line":57,"column":45}},"11":{"start":{"line":59,"column":8},"end":{"line":59,"column":35}},"12":{"start":{"line":61,"column":4},"end":{"line":325,"column":5}},"13":{"start":{"line":69,"column":8},"end":{"line":121,"column":10},"skip":true},"14":{"start":{"line":70,"column":12},"end":{"line":88,"column":13},"skip":true},"15":{"start":{"line":76,"column":16},"end":{"line":87,"column":19},"skip":true},"16":{"start":{"line":79,"column":20},"end":{"line":86,"column":21},"skip":true},"17":{"start":{"line":82,"column":24},"end":{"line":82,"column":43},"skip":true},"18":{"start":{"line":83,"column":24},"end":{"line":83,"column":30},"skip":true},"19":{"start":{"line":85,"column":24},"end":{"line":85,"column":49},"skip":true},"20":{"start":{"line":89,"column":12},"end":{"line":107,"column":13},"skip":true},"21":{"start":{"line":92,"column":16},"end":{"line":102,"column":17},"skip":true},"22":{"start":{"line":93,"column":20},"end":{"line":93,"column":86},"skip":true},"23":{"start":{"line":94,"column":20},"end":{"line":95,"column":45},"skip":true},"24":{"start":{"line":96,"column":20},"end":{"line":96,"column":42},"skip":true},"25":{"start":{"line":97,"column":20},"end":{"line":97,"column":48},"skip":true},"26":{"start":{"line":100,"column":20},"end":{"line":100,"column":85},"skip":true},"27":{"start":{"line":101,"column":20},"end":{"line":101,"column":96},"skip":true},"28":{"start":{"line":103,"column":16},"end":{"line":103,"column":22},"skip":true},"29":{"start":{"line":106,"column":16},"end":{"line":106,"column":22},"skip":true},"30":{"start":{"line":108,"column":12},"end":{"line":120,"column":13},"skip":true},"31":{"start":{"line":114,"column":16},"end":{"line":119,"column":17},"skip":true},"32":{"start":{"line":116,"column":20},"end":{"line":116,"column":78},"skip":true},"33":{"start":{"line":118,"column":20},"end":{"line":118,"column":47},"skip":true},"34":{"start":{"line":123,"column":8},"end":{"line":141,"column":11},"skip":true},"35":{"start":{"line":124,"column":12},"end":{"line":124,"column":54},"skip":true},"36":{"start":{"line":125,"column":12},"end":{"line":140,"column":14},"skip":true},"37":{"start":{"line":126,"column":16},"end":{"line":126,"column":28},"skip":true},"38":{"start":{"line":127,"column":16},"end":{"line":127,"column":69},"skip":true},"39":{"start":{"line":128,"column":16},"end":{"line":128,"column":75},"skip":true},"40":{"start":{"line":129,"column":16},"end":{"line":131,"column":17},"skip":true},"41":{"start":{"line":130,"column":20},"end":{"line":130,"column":27},"skip":true},"42":{"start":{"line":133,"column":16},"end":{"line":137,"column":36},"skip":true},"43":{"start":{"line":134,"column":20},"end":{"line":136,"column":55},"skip":true},"44":{"start":{"line":139,"column":16},"end":{"line":139,"column":57},"skip":true},"45":{"start":{"line":143,"column":8},"end":{"line":147,"column":11},"skip":true},"46":{"start":{"line":144,"column":12},"end":{"line":146,"column":15},"skip":true},"47":{"start":{"line":145,"column":16},"end":{"line":145,"column":70},"skip":true},"48":{"start":{"line":149,"column":8},"end":{"line":149,"column":31},"skip":true},"49":{"start":{"line":150,"column":8},"end":{"line":150,"column":14},"skip":true},"50":{"start":{"line":158,"column":8},"end":{"line":158,"column":31},"skip":true},"51":{"start":{"line":160,"column":8},"end":{"line":160,"column":33},"skip":true},"52":{"start":{"line":161,"column":8},"end":{"line":161,"column":37},"skip":true},"53":{"start":{"line":162,"column":8},"end":{"line":162,"column":35},"skip":true},"54":{"start":{"line":164,"column":8},"end":{"line":164,"column":50},"skip":true},"55":{"start":{"line":166,"column":8},"end":{"line":256,"column":2},"skip":true},"56":{"start":{"line":258,"column":8},"end":{"line":286,"column":9},"skip":true},"57":{"start":{"line":259,"column":12},"end":{"line":269,"column":14},"skip":true},"58":{"start":{"line":271,"column":12},"end":{"line":285,"column":19},"skip":true},"59":{"start":{"line":274,"column":20},"end":{"line":274,"column":35},"skip":true},"60":{"start":{"line":275,"column":20},"end":{"line":284,"column":21},"skip":true},"61":{"start":{"line":277,"column":24},"end":{"line":277,"column":64},"skip":true},"62":{"start":{"line":279,"column":24},"end":{"line":279,"column":40},"skip":true},"63":{"start":{"line":281,"column":24},"end":{"line":281,"column":40},"skip":true},"64":{"start":{"line":283,"column":24},"end":{"line":283,"column":39},"skip":true},"65":{"start":{"line":288,"column":8},"end":{"line":290,"column":9},"skip":true},"66":{"start":{"line":289,"column":12},"end":{"line":289,"column":18},"skip":true},"67":{"start":{"line":291,"column":8},"end":{"line":293,"column":54},"skip":true},"68":{"start":{"line":296,"column":8},"end":{"line":301,"column":37},"skip":true},"69":{"start":{"line":303,"column":8},"end":{"line":303,"column":82},"skip":true},"70":{"start":{"line":306,"column":8},"end":{"line":308,"column":9},"skip":true},"71":{"start":{"line":307,"column":12},"end":{"line":307,"column":82},"skip":true},"72":{"start":{"line":310,"column":8},"end":{"line":312,"column":9},"skip":true},"73":{"start":{"line":311,"column":12},"end":{"line":311,"column":18},"skip":true},"74":{"start":{"line":313,"column":8},"end":{"line":313,"column":54},"skip":true},"75":{"start":{"line":314,"column":8},"end":{"line":314,"column":69},"skip":true},"76":{"start":{"line":315,"column":8},"end":{"line":323,"column":36},"skip":true},"77":{"start":{"line":316,"column":12},"end":{"line":316,"column":61},"skip":true},"78":{"start":{"line":317,"column":12},"end":{"line":320,"column":13},"skip":true},"79":{"start":{"line":318,"column":16},"end":{"line":318,"column":75},"skip":true},"80":{"start":{"line":319,"column":16},"end":{"line":319,"column":23},"skip":true},"81":{"start":{"line":321,"column":12},"end":{"line":321,"column":38},"skip":true},"82":{"start":{"line":322,"column":12},"end":{"line":322,"column":27},"skip":true},"83":{"start":{"line":324,"column":8},"end":{"line":324,"column":14},"skip":true}},"branchMap":{"1":{"line":39,"type":"binary-expr","locations":[{"start":{"line":39,"column":23},"end":{"line":39,"column":62}},{"start":{"line":40,"column":20},"end":{"line":40,"column":70}},{"start":{"line":41,"column":20},"end":{"line":41,"column":71}},{"start":{"line":42,"column":20},"end":{"line":42,"column":29}}]},"2":{"line":44,"type":"binary-expr","locations":[{"start":{"line":44,"column":23},"end":{"line":44,"column":37}},{"start":{"line":45,"column":20},"end":{"line":45,"column":61}},{"start":{"line":46,"column":20},"end":{"line":46,"column":70}},{"start":{"line":47,"column":20},"end":{"line":47,"column":26}}]},"3":{"line":51,"type":"cond-expr","locations":[{"start":{"line":52,"column":14},"end":{"line":52,"column":20}},{"start":{"line":53,"column":14},"end":{"line":53,"column":20}}]},"4":{"line":55,"type":"binary-expr","locations":[{"start":{"line":55,"column":16},"end":{"line":55,"column":44}},{"start":{"line":55,"column":49},"end":{"line":57,"column":43}}]},"5":{"line":55,"type":"cond-expr","locations":[{"start":{"line":56,"column":14},"end":{"line":56,"column":60}},{"start":{"line":57,"column":14},"end":{"line":57,"column":43}}]},"6":{"line":61,"type":"switch","locations":[{"start":{"line":68,"column":4},"end":{"line":150,"column":14},"skip":true},{"start":{"line":156,"column":4},"end":{"line":324,"column":14},"skip":true}]},"7":{"line":70,"type":"if","locations":[{"start":{"line":70,"column":12},"end":{"line":70,"column":12},"skip":true},{"start":{"line":70,"column":12},"end":{"line":70,"column":12},"skip":true}]},"8":{"line":70,"type":"binary-expr","locations":[{"start":{"line":70,"column":16},"end":{"line":70,"column":22},"skip":true},{"start":{"line":70,"column":27},"end":{"line":70,"column":32},"skip":true},{"start":{"line":71,"column":20},"end":{"line":71,"column":39},"skip":true},{"start":{"line":72,"column":20},"end":{"line":72,"column":49},"skip":true},{"start":{"line":73,"column":20},"end":{"line":73,"column":58},"skip":true},{"start":{"line":74,"column":20},"end":{"line":74,"column":69},"skip":true}]},"9":{"line":79,"type":"switch","locations":[{"start":{"line":80,"column":20},"end":{"line":80,"column":33},"skip":true},{"start":{"line":81,"column":20},"end":{"line":83,"column":30},"skip":true},{"start":{"line":84,"column":20},"end":{"line":85,"column":49},"skip":true}]},"10":{"line":89,"type":"switch","locations":[{"start":{"line":90,"column":12},"end":{"line":103,"column":22},"skip":true},{"start":{"line":105,"column":12},"end":{"line":106,"column":22},"skip":true}]},"11":{"line":89,"type":"binary-expr","locations":[{"start":{"line":89,"column":20},"end":{"line":89,"column":25},"skip":true},{"start":{"line":89,"column":29},"end":{"line":89,"column":48},"skip":true},{"start":{"line":89,"column":52},"end":{"line":89,"column":74},"skip":true}]},"12":{"line":92,"type":"if","locations":[{"start":{"line":92,"column":16},"end":{"line":92,"column":16},"skip":true},{"start":{"line":92,"column":16},"end":{"line":92,"column":16},"skip":true}]},"13":{"line":108,"type":"if","locations":[{"start":{"line":108,"column":12},"end":{"line":108,"column":12},"skip":true},{"start":{"line":108,"column":12},"end":{"line":108,"column":12},"skip":true}]},"14":{"line":108,"type":"binary-expr","locations":[{"start":{"line":108,"column":16},"end":{"line":108,"column":61},"skip":true},{"start":{"line":108,"column":66},"end":{"line":108,"column":72},"skip":true},{"start":{"line":108,"column":77},"end":{"line":108,"column":82},"skip":true},{"start":{"line":109,"column":20},"end":{"line":109,"column":39},"skip":true},{"start":{"line":110,"column":20},"end":{"line":110,"column":49},"skip":true},{"start":{"line":111,"column":20},"end":{"line":111,"column":58},"skip":true},{"start":{"line":112,"column":20},"end":{"line":112,"column":68},"skip":true}]},"15":{"line":129,"type":"if","locations":[{"start":{"line":129,"column":16},"end":{"line":129,"column":16},"skip":true},{"start":{"line":129,"column":16},"end":{"line":129,"column":16},"skip":true}]},"16":{"line":134,"type":"cond-expr","locations":[{"start":{"line":135,"column":26},"end":{"line":135,"column":29},"skip":true},{"start":{"line":136,"column":26},"end":{"line":136,"column":54},"skip":true}]},"17":{"line":164,"type":"binary-expr","locations":[{"start":{"line":164,"column":27},"end":{"line":164,"column":43},"skip":true},{"start":{"line":164,"column":47},"end":{"line":164,"column":49},"skip":true}]},"18":{"line":258,"type":"if","locations":[{"start":{"line":258,"column":8},"end":{"line":258,"column":8},"skip":true},{"start":{"line":258,"column":8},"end":{"line":258,"column":8},"skip":true}]},"19":{"line":275,"type":"switch","locations":[{"start":{"line":276,"column":20},"end":{"line":277,"column":64},"skip":true},{"start":{"line":278,"column":20},"end":{"line":279,"column":40},"skip":true},{"start":{"line":280,"column":20},"end":{"line":281,"column":40},"skip":true},{"start":{"line":282,"column":20},"end":{"line":283,"column":39},"skip":true}]},"20":{"line":288,"type":"if","locations":[{"start":{"line":288,"column":8},"end":{"line":288,"column":8},"skip":true},{"start":{"line":288,"column":8},"end":{"line":288,"column":8},"skip":true}]},"21":{"line":288,"type":"binary-expr","locations":[{"start":{"line":288,"column":12},"end":{"line":288,"column":40},"skip":true},{"start":{"line":288,"column":44},"end":{"line":288,"column":67},"skip":true}]},"22":{"line":292,"type":"binary-expr","locations":[{"start":{"line":292,"column":12},"end":{"line":292,"column":50},"skip":true},{"start":{"line":293,"column":12},"end":{"line":293,"column":53},"skip":true}]},"23":{"line":297,"type":"binary-expr","locations":[{"start":{"line":297,"column":12},"end":{"line":297,"column":74},"skip":true},{"start":{"line":298,"column":12},"end":{"line":301,"column":36},"skip":true}]},"24":{"line":303,"type":"binary-expr","locations":[{"start":{"line":303,"column":43},"end":{"line":303,"column":75},"skip":true},{"start":{"line":303,"column":79},"end":{"line":303,"column":81},"skip":true}]},"25":{"line":306,"type":"if","locations":[{"start":{"line":306,"column":8},"end":{"line":306,"column":8},"skip":true},{"start":{"line":306,"column":8},"end":{"line":306,"column":8},"skip":true}]},"26":{"line":310,"type":"if","locations":[{"start":{"line":310,"column":8},"end":{"line":310,"column":8},"skip":true},{"start":{"line":310,"column":8},"end":{"line":310,"column":8},"skip":true}]},"27":{"line":313,"type":"binary-expr","locations":[{"start":{"line":313,"column":27},"end":{"line":313,"column":43},"skip":true},{"start":{"line":313,"column":47},"end":{"line":313,"column":53},"skip":true}]},"28":{"line":317,"type":"if","locations":[{"start":{"line":317,"column":12},"end":{"line":317,"column":12},"skip":true},{"start":{"line":317,"column":12},"end":{"line":317,"column":12},"skip":true}]}},"code":["/*","example.js","","quickstart example","","instruction","    1. save this script as example.js","    2. run the shell command:","        $ npm install npmtest-node-twitter-api && PORT=8081 node example.js","    3. play with the browser-demo on http://127.0.0.1:8081","*/","","","","/* istanbul instrument in package npmtest_node_twitter_api */","/*jslint","    bitwise: true,","    browser: true,","    maxerr: 8,","    maxlen: 96,","    node: true,","    nomen: true,","    regexp: true,","    stupid: true","*/","(function () {","    'use strict';","    var local;","","","","    // run shared js-env code - pre-init","    (function () {","        // init local","        local = {};","        // init modeJs","        local.modeJs = (function () {","            try {","                return typeof navigator.userAgent === 'string' &&","                    typeof document.querySelector('body') === 'object' &&","                    typeof XMLHttpRequest.prototype.open === 'function' &&","                    'browser';","            } catch (errorCaughtBrowser) {","                return module.exports &&","                    typeof process.versions.node === 'string' &&","                    typeof require('http').createServer === 'function' &&","                    'node';","            }","        }());","        // init global","        local.global = local.modeJs === 'browser'","            ? window","            : global;","        // init utility2_rollup","        local = local.global.utility2_rollup || (local.modeJs === 'browser'","            ? local.global.utility2_npmtest_node_twitter_api","            : global.utility2_moduleExports);","        // export local","        local.global.local = local;","    }());","    switch (local.modeJs) {","","","","    // post-init","    // run browser js-env code - post-init","    /* istanbul ignore next */","    case 'browser':","        local.testRunBrowser = function (event) {","            if (!event || (event &&","                    event.currentTarget &&","                    event.currentTarget.className &&","                    event.currentTarget.className.includes &&","                    event.currentTarget.className.includes('onreset'))) {","                // reset output","                Array.from(","                    document.querySelectorAll('body > .resettable')","                ).forEach(function (element) {","                    switch (element.tagName) {","                    case 'INPUT':","                    case 'TEXTAREA':","                        element.value = '';","                        break;","                    default:","                        element.textContent = '';","                    }","                });","            }","            switch (event && event.currentTarget && event.currentTarget.id) {","            case 'testRunButton1':","                // show tests","                if (document.querySelector('#testReportDiv1').style.display === 'none') {","                    document.querySelector('#testReportDiv1').style.display = 'block';","                    document.querySelector('#testRunButton1').textContent =","                        'hide internal test';","                    local.modeTest = true;","                    local.testRunDefault(local);","                // hide tests","                } else {","                    document.querySelector('#testReportDiv1').style.display = 'none';","                    document.querySelector('#testRunButton1').textContent = 'run internal test';","                }","                break;","            // custom-case","            default:","                break;","            }","            if (document.querySelector('#inputTextareaEval1') && (!event || (event &&","                    event.currentTarget &&","                    event.currentTarget.className &&","                    event.currentTarget.className.includes &&","                    event.currentTarget.className.includes('oneval')))) {","                // try to eval input-code","                try {","                    /*jslint evil: true*/","                    eval(document.querySelector('#inputTextareaEval1').value);","                } catch (errorCaught) {","                    console.error(errorCaught);","                }","            }","        };","        // log stderr and stdout to #outputTextareaStdout1","        ['error', 'log'].forEach(function (key) {","            console[key + '_original'] = console[key];","            console[key] = function () {","                var element;","                console[key + '_original'].apply(console, arguments);","                element = document.querySelector('#outputTextareaStdout1');","                if (!element) {","                    return;","                }","                // append text to #outputTextareaStdout1","                element.value += Array.from(arguments).map(function (arg) {","                    return typeof arg === 'string'","                        ? arg","                        : JSON.stringify(arg, null, 4);","                }).join(' ') + '\\n';","                // scroll textarea to bottom","                element.scrollTop = element.scrollHeight;","            };","        });","        // init event-handling","        ['change', 'click', 'keyup'].forEach(function (event) {","            Array.from(document.querySelectorAll('.on' + event)).forEach(function (element) {","                element.addEventListener(event, local.testRunBrowser);","            });","        });","        // run tests","        local.testRunBrowser();","        break;","","","","    // run node js-env code - post-init","    /* istanbul ignore next */","    case 'node':","        // export local","        module.exports = local;","        // require modules","        local.fs = require('fs');","        local.http = require('http');","        local.url = require('url');","        // init assets","        local.assetsDict = local.assetsDict || {};","        /* jslint-ignore-begin */","        local.assetsDict['/assets.index.template.html'] = '\\","<!doctype html>\\n\\","<html lang=\"en\">\\n\\","<head>\\n\\","<meta charset=\"UTF-8\">\\n\\","<meta name=\"viewport\" content=\"width=device-width, initial-scale=1\">\\n\\","<title>{{env.npm_package_name}} (v{{env.npm_package_version}})</title>\\n\\","<style>\\n\\","/*csslint\\n\\","    box-sizing: false,\\n\\","    universal-selector: false\\n\\","*/\\n\\","* {\\n\\","    box-sizing: border-box;\\n\\","}\\n\\","body {\\n\\","    background: #dde;\\n\\","    font-family: Arial, Helvetica, sans-serif;\\n\\","    margin: 2rem;\\n\\","}\\n\\","body > * {\\n\\","    margin-bottom: 1rem;\\n\\","}\\n\\",".utility2FooterDiv {\\n\\","    margin-top: 20px;\\n\\","    text-align: center;\\n\\","}\\n\\","</style>\\n\\","<style>\\n\\","/*csslint\\n\\","*/\\n\\","textarea {\\n\\","    font-family: monospace;\\n\\","    height: 10rem;\\n\\","    width: 100%;\\n\\","}\\n\\","textarea[readonly] {\\n\\","    background: #ddd;\\n\\","}\\n\\","</style>\\n\\","</head>\\n\\","<body>\\n\\","<!-- utility2-comment\\n\\","<div id=\"ajaxProgressDiv1\" style=\"background: #d00; height: 2px; left: 0; margin: 0; padding: 0; position: fixed; top: 0; transition: background 0.5s, width 1.5s; width: 25%;\"></div>\\n\\","utility2-comment -->\\n\\","<h1>\\n\\","<!-- utility2-comment\\n\\","    <a\\n\\","        {{#if env.npm_package_homepage}}\\n\\","        href=\"{{env.npm_package_homepage}}\"\\n\\","        {{/if env.npm_package_homepage}}\\n\\","        target=\"_blank\"\\n\\","    >\\n\\","utility2-comment -->\\n\\","        {{env.npm_package_name}} (v{{env.npm_package_version}})\\n\\","<!-- utility2-comment\\n\\","    </a>\\n\\","utility2-comment -->\\n\\","</h1>\\n\\","<h3>{{env.npm_package_description}}</h3>\\n\\","<!-- utility2-comment\\n\\","<h4><a download href=\"assets.app.js\">download standalone app</a></h4>\\n\\","<button class=\"onclick onreset\" id=\"testRunButton1\">run internal test</button><br>\\n\\","<div id=\"testReportDiv1\" style=\"display: none;\"></div>\\n\\","utility2-comment -->\\n\\","\\n\\","\\n\\","\\n\\","<label>stderr and stdout</label>\\n\\","<textarea class=\"resettable\" id=\"outputTextareaStdout1\" readonly></textarea>\\n\\","<!-- utility2-comment\\n\\","{{#if isRollup}}\\n\\","<script src=\"assets.app.js\"></script>\\n\\","{{#unless isRollup}}\\n\\","utility2-comment -->\\n\\","<script src=\"assets.utility2.rollup.js\"></script>\\n\\","<script src=\"jsonp.utility2._stateInit?callback=window.utility2._stateInit\"></script>\\n\\","<script src=\"assets.npmtest_node_twitter_api.rollup.js\"></script>\\n\\","<script src=\"assets.example.js\"></script>\\n\\","<script src=\"assets.test.js\"></script>\\n\\","<!-- utility2-comment\\n\\","{{/if isRollup}}\\n\\","utility2-comment -->\\n\\","<div class=\"utility2FooterDiv\">\\n\\","    [ this app was created with\\n\\","    <a href=\"https://github.com/kaizhu256/node-utility2\" target=\"_blank\">utility2</a>\\n\\","    ]\\n\\","</div>\\n\\","</body>\\n\\","</html>\\n\\","';","        /* jslint-ignore-end */","        if (local.templateRender) {","            local.assetsDict['/'] = local.templateRender(","                local.assetsDict['/assets.index.template.html'],","                {","                    env: local.objectSetDefault(local.env, {","                        npm_package_description: 'the greatest app in the world!',","                        npm_package_name: 'my-app',","                        npm_package_nameAlias: 'my_app',","                        npm_package_version: '0.0.1'","                    })","                }","            );","        } else {","            local.assetsDict['/'] = local.assetsDict['/assets.index.template.html']","                .replace((/\\{\\{env\\.(\\w+?)\\}\\}/g), function (match0, match1) {","                    // jslint-hack","                    String(match0);","                    switch (match1) {","                    case 'npm_package_description':","                        return 'the greatest app in the world!';","                    case 'npm_package_name':","                        return 'my-app';","                    case 'npm_package_nameAlias':","                        return 'my_app';","                    case 'npm_package_version':","                        return '0.0.1';","                    }","                });","        }","        // run the cli","        if (local.global.utility2_rollup || module !== require.main) {","            break;","        }","        local.assetsDict['/assets.example.js'] =","            local.assetsDict['/assets.example.js'] ||","            local.fs.readFileSync(__filename, 'utf8');","        // bug-workaround - long $npm_package_buildCustomOrg","        /* jslint-ignore-begin */","        local.assetsDict['/assets.npmtest_node_twitter_api.rollup.js'] =","            local.assetsDict['/assets.npmtest_node_twitter_api.rollup.js'] ||","            local.fs.readFileSync(","                local.npmtest_node_twitter_api.__dirname + '/lib.npmtest_node_twitter_api.js',","                'utf8'","            ).replace((/^#!/), '//');","        /* jslint-ignore-end */","        local.assetsDict['/favicon.ico'] = local.assetsDict['/favicon.ico'] || '';","        // if $npm_config_timeout_exit exists,","        // then exit this process after $npm_config_timeout_exit ms","        if (Number(process.env.npm_config_timeout_exit)) {","            setTimeout(process.exit, Number(process.env.npm_config_timeout_exit));","        }","        // start server","        if (local.global.utility2_serverHttp1) {","            break;","        }","        process.env.PORT = process.env.PORT || '8081';","        console.error('server starting on port ' + process.env.PORT);","        local.http.createServer(function (request, response) {","            request.urlParsed = local.url.parse(request.url);","            if (local.assetsDict[request.urlParsed.pathname] !== undefined) {","                response.end(local.assetsDict[request.urlParsed.pathname]);","                return;","            }","            response.statusCode = 404;","            response.end();","        }).listen(process.env.PORT);","        break;","    }","}());",""],"l":{"26":2,"28":2,"33":2,"35":2,"37":2,"38":2,"39":2,"44":1,"51":2,"55":2,"59":2,"61":2,"69":1,"70":2,"76":2,"79":2,"82":2,"83":2,"85":1,"89":2,"92":1,"93":1,"94":1,"96":1,"97":1,"100":1,"101":1,"103":1,"106":1,"108":2,"114":1,"116":1,"118":1,"123":1,"124":2,"125":2,"126":3,"127":3,"128":3,"129":3,"130":1,"133":3,"134":3,"139":3,"143":1,"144":3,"145":1,"149":1,"150":1,"158":1,"160":1,"161":1,"162":1,"164":1,"166":1,"258":1,"259":1,"271":1,"274":6,"275":6,"277":1,"279":2,"281":1,"283":2,"288":1,"289":1,"291":1,"296":1,"303":1,"306":1,"307":1,"310":1,"311":1,"313":1,"314":1,"315":1,"316":1,"317":1,"318":1,"319":1,"321":1,"322":1,"324":1}},"/home/travis/build/npmtest/node-npmtest-node-twitter-api/node_modules/node-twitter-api/twitter.js":{"path":"/home/travis/build/npmtest/node-npmtest-node-twitter-api/node_modules/node-twitter-api/twitter.js","s":{"1":1,"2":1,"3":1,"4":1,"5":1,"6":0,"7":0,"8":0,"9":0,"10":0,"11":0,"12":0,"13":0,"14":1,"15":1,"16":0,"17":0,"18":0,"19":0,"20":1,"21":0,"22":0,"23":0,"24":0,"25":0,"26":0,"27":1,"28":0,"29":0,"30":0,"31":0,"32":1,"33":0,"34":0,"35":0,"36":0,"37":0,"38":0,"39":0,"40":0,"41":0,"42":0,"43":0,"44":1,"45":0,"46":0,"47":0,"48":0,"49":0,"50":0,"51":0,"52":0,"53":0,"54":0,"55":0,"56":0,"57":0,"58":0,"59":0,"60":0,"61":0,"62":0,"63":0,"64":0,"65":0,"66":0,"67":0,"68":1,"69":0,"70":0,"71":0,"72":0,"73":0,"74":0,"75":0,"76":0,"77":0,"78":0,"79":0,"80":0,"81":0,"82":0,"83":0,"84":0,"85":0,"86":0,"87":0,"88":0,"89":0,"90":0,"91":0,"92":0,"93":0,"94":0,"95":0,"96":0,"97":0,"98":0,"99":0,"100":0,"101":0,"102":0,"103":0,"104":0,"105":0,"106":0,"107":0,"108":0,"109":0,"110":0,"111":0,"112":0,"113":0,"114":1,"115":0,"116":0,"117":0,"118":0,"119":0,"120":0,"121":0,"122":0,"123":0,"124":0,"125":0,"126":0,"127":0,"128":0,"129":0,"130":0,"131":0,"132":0,"133":0,"134":0,"135":0,"136":0,"137":0,"138":0,"139":0,"140":0,"141":0,"142":0,"143":0,"144":0,"145":0,"146":0,"147":0,"148":0,"149":0,"150":0,"151":0,"152":0,"153":0,"154":0,"155":0,"156":0,"157":0,"158":0,"159":0,"160":0,"161":0,"162":0,"163":0,"164":1,"165":0,"166":0,"167":0,"168":0,"169":0,"170":0,"171":0,"172":0,"173":0,"174":0,"175":0,"176":0,"177":1,"178":0,"179":1,"180":0,"181":0,"182":0,"183":0,"184":0,"185":0,"186":0,"187":0,"188":0,"189":0,"190":0,"191":0,"192":0,"193":0,"194":0,"195":0,"196":0,"197":0,"198":0,"199":0,"200":0,"201":0,"202":0,"203":0,"204":0,"205":0,"206":0,"207":0,"208":0,"209":0,"210":0,"211":0,"212":0,"213":0,"214":1,"215":0,"216":0,"217":0,"218":0,"219":0,"220":0,"221":0,"222":1,"223":0,"224":0,"225":0,"226":0,"227":0,"228":0,"229":0,"230":0,"231":0,"232":0,"233":0,"234":0,"235":0,"236":0,"237":0,"238":0,"239":0,"240":0,"241":0,"242":1,"243":0,"244":0,"245":0,"246":0,"247":0,"248":0,"249":0,"250":0,"251":1,"252":0,"253":0,"254":0,"255":0,"256":0,"257":0,"258":0,"259":0,"260":1,"261":0,"262":0,"263":0,"264":0,"265":0,"266":0,"267":0,"268":0,"269":0,"270":0,"271":0,"272":0,"273":0,"274":0,"275":0,"276":0,"277":0,"278":0,"279":0,"280":1,"281":0,"282":0,"283":0,"284":0,"285":0,"286":0,"287":0,"288":0,"289":0,"290":0,"291":0,"292":0,"293":0,"294":0,"295":1,"296":0,"297":0,"298":0,"299":0,"300":0,"301":0,"302":0,"303":0,"304":0,"305":0,"306":0,"307":0,"308":0,"309":0,"310":0,"311":0,"312":0,"313":0,"314":0,"315":0,"316":0,"317":0,"318":0,"319":0,"320":0,"321":1,"322":0,"323":0,"324":0,"325":0,"326":0,"327":0,"328":0,"329":0,"330":0,"331":0,"332":0,"333":0,"334":0,"335":0,"336":0,"337":0,"338":0,"339":0,"340":0,"341":0,"342":1,"343":0,"344":0,"345":0,"346":0,"347":0,"348":0,"349":0,"350":0,"351":0,"352":0,"353":0,"354":0,"355":0,"356":0,"357":0,"358":0,"359":0,"360":0,"361":0,"362":0,"363":1,"364":0,"365":0,"366":0,"367":0,"368":0,"369":0,"370":0,"371":0,"372":1,"373":0,"374":0,"375":0,"376":0,"377":0,"378":0,"379":0,"380":0,"381":0,"382":0,"383":0,"384":0,"385":0,"386":0,"387":0,"388":0,"389":0,"390":0,"391":1,"392":0,"393":0,"394":0,"395":0,"396":0,"397":0,"398":0,"399":0,"400":0,"401":0,"402":0,"403":0,"404":0,"405":0,"406":0,"407":0,"408":0,"409":0,"410":0,"411":1,"412":0,"413":0,"414":0,"415":0,"416":0,"417":0,"418":0,"419":0,"420":0,"421":0,"422":0,"423":0,"424":0,"425":0,"426":0,"427":0,"428":0,"429":0,"430":0,"431":0,"432":0,"433":1,"434":0,"435":0,"436":0,"437":0,"438":0,"439":0,"440":0,"441":0,"442":0,"443":0,"444":0,"445":0,"446":0,"447":0,"448":0,"449":0,"450":0,"451":0,"452":0,"453":1,"454":0,"455":0,"456":0,"457":0,"458":0,"459":0,"460":0,"461":0,"462":0,"463":0,"464":0,"465":0,"466":0,"467":0,"468":0,"469":0,"470":0,"471":0,"472":0,"473":0,"474":0,"475":0,"476":0,"477":0,"478":0,"479":0,"480":0,"481":1,"482":0,"483":0,"484":0,"485":0,"486":0,"487":0,"488":0,"489":0,"490":0,"491":0,"492":0,"493":0,"494":0,"495":0,"496":0,"497":0,"498":0,"499":0,"500":0,"501":0,"502":0,"503":0,"504":0,"505":1,"506":0,"507":0,"508":0,"509":0,"510":0,"511":0,"512":0,"513":0,"514":1,"515":0,"516":0,"517":0,"518":0,"519":0,"520":0,"521":0,"522":0,"523":1,"524":0,"525":0,"526":0,"527":0,"528":0,"529":0,"530":0,"531":0,"532":0,"533":0,"534":0,"535":0,"536":0,"537":0,"538":0,"539":0,"540":0,"541":0,"542":0,"543":0,"544":0,"545":0,"546":0,"547":0,"548":0,"549":0,"550":1,"551":0,"552":0,"553":0,"554":0,"555":0,"556":0,"557":0,"558":0,"559":1,"560":0,"561":0,"562":0,"563":0,"564":0,"565":0,"566":0,"567":1},"b":{"1":[0,0],"2":[0,0],"3":[0,0],"4":[0,0],"5":[0,0],"6":[0,0],"7":[0,0],"8":[0,0],"9":[0,0],"10":[0,0,0,0,0,0,0,0,0],"11":[0,0],"12":[0,0],"13":[0,0],"14":[0,0,0,0,0,0,0,0],"15":[0,0],"16":[0,0],"17":[0,0],"18":[0,0,0,0,0,0,0,0,0,0,0],"19":[0,0],"20":[0,0],"21":[0,0],"22":[0,0],"23":[0,0],"24":[0,0],"25":[0,0],"26":[0,0],"27":[0,0],"28":[0,0],"29":[0,0],"30":[0,0],"31":[0,0],"32":[0,0],"33":[0,0],"34":[0,0],"35":[0,0,0],"36":[0,0],"37":[0,0],"38":[0,0],"39":[0,0],"40":[0,0],"41":[0,0],"42":[0,0,0],"43":[0,0],"44":[0,0],"45":[0,0],"46":[0,0],"47":[0,0],"48":[0,0],"49":[0,0],"50":[0,0],"51":[0,0],"52":[0,0],"53":[0,0],"54":[0,0],"55":[0,0],"56":[0,0,0,0],"57":[0,0],"58":[0,0],"59":[0,0],"60":[0,0],"61":[0,0],"62":[0,0],"63":[0,0],"64":[0,0,0,0],"65":[0,0],"66":[0,0],"67":[0,0],"68":[0,0],"69":[0,0],"70":[0,0,0,0,0,0,0,0,0],"71":[0,0],"72":[0,0],"73":[0,0],"74":[0,0,0],"75":[0,0],"76":[0,0],"77":[0,0],"78":[0,0],"79":[0,0],"80":[0,0],"81":[0,0],"82":[0,0],"83":[0,0],"84":[0,0,0,0,0],"85":[0,0],"86":[0,0],"87":[0,0],"88":[0,0],"89":[0,0]},"f":{"1":0,"2":0,"3":0,"4":0,"5":0,"6":0,"7":0,"8":0,"9":0,"10":0,"11":0,"12":0,"13":0,"14":0,"15":0,"16":0,"17":0,"18":0,"19":0,"20":0,"21":0,"22":0,"23":0,"24":0,"25":0,"26":0,"27":0,"28":0,"29":0,"30":0,"31":0,"32":0,"33":0,"34":0,"35":0,"36":0,"37":0,"38":0,"39":0,"40":0,"41":0,"42":0,"43":0,"44":0,"45":0,"46":0,"47":0,"48":0,"49":0,"50":0,"51":0,"52":0,"53":0,"54":0,"55":0,"56":0,"57":0,"58":0,"59":0,"60":0,"61":0,"62":0,"63":0,"64":0,"65":0,"66":0,"67":0,"68":0,"69":0,"70":0,"71":0,"72":0,"73":0,"74":0,"75":0,"76":0,"77":0,"78":0,"79":0,"80":0},"fnMap":{"1":{"name":"(anonymous_1)","line":12,"loc":{"start":{"line":12,"column":14},"end":{"line":12,"column":32}}},"2":{"name":"(anonymous_2)","line":29,"loc":{"start":{"line":29,"column":36},"end":{"line":29,"column":55}}},"3":{"name":"(anonymous_3)","line":30,"loc":{"start":{"line":30,"column":77},"end":{"line":30,"column":132}}},"4":{"name":"(anonymous_4)","line":39,"loc":{"start":{"line":39,"column":31},"end":{"line":39,"column":63}}},"5":{"name":"(anonymous_5)","line":50,"loc":{"start":{"line":50,"column":35},"end":{"line":50,"column":104}}},"6":{"name":"(anonymous_6)","line":51,"loc":{"start":{"line":51,"column":79},"end":{"line":51,"column":146}}},"7":{"name":"(anonymous_7)","line":60,"loc":{"start":{"line":60,"column":38},"end":{"line":60,"column":97}}},"8":{"name":"(anonymous_8)","line":67,"loc":{"start":{"line":67,"column":50},"end":{"line":67,"column":82}}},"9":{"name":"(anonymous_9)","line":83,"loc":{"start":{"line":83,"column":32},"end":{"line":83,"column":97}}},"10":{"name":"(anonymous_10)","line":113,"loc":{"start":{"line":113,"column":117},"end":{"line":113,"column":149}}},"11":{"name":"(anonymous_11)","line":128,"loc":{"start":{"line":128,"column":30},"end":{"line":128,"column":112}}},"12":{"name":"(anonymous_12)","line":164,"loc":{"start":{"line":164,"column":29},"end":{"line":164,"column":43}}},"13":{"name":"(anonymous_13)","line":166,"loc":{"start":{"line":166,"column":26},"end":{"line":166,"column":42}}},"14":{"name":"(anonymous_14)","line":192,"loc":{"start":{"line":192,"column":25},"end":{"line":192,"column":36}}},"15":{"name":"(anonymous_15)","line":202,"loc":{"start":{"line":202,"column":29},"end":{"line":202,"column":94}}},"16":{"name":"(anonymous_16)","line":252,"loc":{"start":{"line":252,"column":118},"end":{"line":252,"column":150}}},"17":{"name":"(anonymous_17)","line":265,"loc":{"start":{"line":265,"column":94},"end":{"line":265,"column":126}}},"18":{"name":"(anonymous_18)","line":280,"loc":{"start":{"line":280,"column":32},"end":{"line":280,"column":91}}},"19":{"name":"(anonymous_19)","line":289,"loc":{"start":{"line":289,"column":4},"end":{"line":289,"column":36}}},"20":{"name":"(anonymous_20)","line":320,"loc":{"start":{"line":320,"column":32},"end":{"line":320,"column":92}}},"21":{"name":"(anonymous_21)","line":324,"loc":{"start":{"line":324,"column":39},"end":{"line":324,"column":111}}},"22":{"name":"(anonymous_22)","line":337,"loc":{"start":{"line":337,"column":23},"end":{"line":337,"column":45}}},"23":{"name":"(anonymous_23)","line":350,"loc":{"start":{"line":350,"column":18},"end":{"line":350,"column":38}}},"24":{"name":"(anonymous_24)","line":351,"loc":{"start":{"line":351,"column":10},"end":{"line":351,"column":41}}},"25":{"name":"(anonymous_25)","line":360,"loc":{"start":{"line":360,"column":27},"end":{"line":360,"column":58}}},"26":{"name":"(anonymous_26)","line":375,"loc":{"start":{"line":375,"column":24},"end":{"line":375,"column":55}}},"27":{"name":"(anonymous_27)","line":378,"loc":{"start":{"line":378,"column":30},"end":{"line":378,"column":49}}},"28":{"name":"(anonymous_28)","line":403,"loc":{"start":{"line":403,"column":27},"end":{"line":403,"column":86}}},"29":{"name":"(anonymous_29)","line":404,"loc":{"start":{"line":404,"column":110},"end":{"line":404,"column":142}}},"30":{"name":"(anonymous_30)","line":419,"loc":{"start":{"line":419,"column":26},"end":{"line":419,"column":91}}},"31":{"name":"(anonymous_31)","line":427,"loc":{"start":{"line":427,"column":115},"end":{"line":427,"column":147}}},"32":{"name":"(anonymous_32)","line":440,"loc":{"start":{"line":440,"column":91},"end":{"line":440,"column":123}}},"33":{"name":"(anonymous_33)","line":458,"loc":{"start":{"line":458,"column":28},"end":{"line":458,"column":93}}},"34":{"name":"(anonymous_34)","line":461,"loc":{"start":{"line":461,"column":116},"end":{"line":461,"column":148}}},"35":{"name":"(anonymous_35)","line":476,"loc":{"start":{"line":476,"column":30},"end":{"line":476,"column":95}}},"36":{"name":"(anonymous_36)","line":479,"loc":{"start":{"line":479,"column":118},"end":{"line":479,"column":150}}},"37":{"name":"(anonymous_37)","line":494,"loc":{"start":{"line":494,"column":32},"end":{"line":494,"column":97}}},"38":{"name":"(anonymous_38)","line":508,"loc":{"start":{"line":508,"column":121},"end":{"line":508,"column":153}}},"39":{"name":"(anonymous_39)","line":521,"loc":{"start":{"line":521,"column":97},"end":{"line":521,"column":129}}},"40":{"name":"(anonymous_40)","line":536,"loc":{"start":{"line":536,"column":39},"end":{"line":536,"column":98}}},"41":{"name":"(anonymous_41)","line":548,"loc":{"start":{"line":548,"column":4},"end":{"line":548,"column":36}}},"42":{"name":"(anonymous_42)","line":574,"loc":{"start":{"line":574,"column":28},"end":{"line":574,"column":93}}},"43":{"name":"(anonymous_43)","line":593,"loc":{"start":{"line":593,"column":117},"end":{"line":593,"column":149}}},"44":{"name":"(anonymous_44)","line":606,"loc":{"start":{"line":606,"column":93},"end":{"line":606,"column":125}}},"45":{"name":"(anonymous_45)","line":622,"loc":{"start":{"line":622,"column":27},"end":{"line":622,"column":92}}},"46":{"name":"(anonymous_46)","line":634,"loc":{"start":{"line":634,"column":116},"end":{"line":634,"column":148}}},"47":{"name":"(anonymous_47)","line":647,"loc":{"start":{"line":647,"column":92},"end":{"line":647,"column":124}}},"48":{"name":"(anonymous_48)","line":663,"loc":{"start":{"line":663,"column":26},"end":{"line":663,"column":91}}},"49":{"name":"(anonymous_49)","line":675,"loc":{"start":{"line":675,"column":115},"end":{"line":675,"column":147}}},"50":{"name":"(anonymous_50)","line":688,"loc":{"start":{"line":688,"column":91},"end":{"line":688,"column":123}}},"51":{"name":"(anonymous_51)","line":704,"loc":{"start":{"line":704,"column":26},"end":{"line":704,"column":91}}},"52":{"name":"(anonymous_52)","line":707,"loc":{"start":{"line":707,"column":114},"end":{"line":707,"column":146}}},"53":{"name":"(anonymous_53)","line":722,"loc":{"start":{"line":722,"column":32},"end":{"line":722,"column":97}}},"54":{"name":"(anonymous_54)","line":741,"loc":{"start":{"line":741,"column":146},"end":{"line":741,"column":178}}},"55":{"name":"(anonymous_55)","line":756,"loc":{"start":{"line":756,"column":30},"end":{"line":756,"column":95}}},"56":{"name":"(anonymous_56)","line":767,"loc":{"start":{"line":767,"column":119},"end":{"line":767,"column":151}}},"57":{"name":"(anonymous_57)","line":780,"loc":{"start":{"line":780,"column":95},"end":{"line":780,"column":127}}},"58":{"name":"(anonymous_58)","line":796,"loc":{"start":{"line":796,"column":36},"end":{"line":796,"column":101}}},"59":{"name":"(anonymous_59)","line":812,"loc":{"start":{"line":812,"column":145},"end":{"line":812,"column":177}}},"60":{"name":"(anonymous_60)","line":825,"loc":{"start":{"line":825,"column":101},"end":{"line":825,"column":133}}},"61":{"name":"(anonymous_61)","line":841,"loc":{"start":{"line":841,"column":26},"end":{"line":841,"column":91}}},"62":{"name":"(anonymous_62)","line":859,"loc":{"start":{"line":859,"column":115},"end":{"line":859,"column":147}}},"63":{"name":"(anonymous_63)","line":872,"loc":{"start":{"line":872,"column":91},"end":{"line":872,"column":123}}},"64":{"name":"(anonymous_64)","line":889,"loc":{"start":{"line":889,"column":34},"end":{"line":889,"column":99}}},"65":{"name":"(anonymous_65)","line":909,"loc":{"start":{"line":909,"column":124},"end":{"line":909,"column":156}}},"66":{"name":"(anonymous_66)","line":922,"loc":{"start":{"line":922,"column":100},"end":{"line":922,"column":132}}},"67":{"name":"(anonymous_67)","line":938,"loc":{"start":{"line":938,"column":24},"end":{"line":938,"column":89}}},"68":{"name":"(anonymous_68)","line":953,"loc":{"start":{"line":953,"column":113},"end":{"line":953,"column":145}}},"69":{"name":"(anonymous_69)","line":966,"loc":{"start":{"line":966,"column":89},"end":{"line":966,"column":121}}},"70":{"name":"(anonymous_70)","line":982,"loc":{"start":{"line":982,"column":27},"end":{"line":982,"column":92}}},"71":{"name":"(anonymous_71)","line":985,"loc":{"start":{"line":985,"column":115},"end":{"line":985,"column":147}}},"72":{"name":"(anonymous_72)","line":1000,"loc":{"start":{"line":1000,"column":32},"end":{"line":1000,"column":97}}},"73":{"name":"(anonymous_73)","line":1003,"loc":{"start":{"line":1003,"column":90},"end":{"line":1003,"column":122}}},"74":{"name":"(anonymous_74)","line":1018,"loc":{"start":{"line":1018,"column":26},"end":{"line":1018,"column":91}}},"75":{"name":"(anonymous_75)","line":1039,"loc":{"start":{"line":1039,"column":104},"end":{"line":1039,"column":136}}},"76":{"name":"(anonymous_76)","line":1052,"loc":{"start":{"line":1052,"column":80},"end":{"line":1052,"column":112}}},"77":{"name":"(anonymous_77)","line":1068,"loc":{"start":{"line":1068,"column":25},"end":{"line":1068,"column":90}}},"78":{"name":"(anonymous_78)","line":1071,"loc":{"start":{"line":1071,"column":113},"end":{"line":1071,"column":145}}},"79":{"name":"(anonymous_79)","line":1086,"loc":{"start":{"line":1086,"column":36},"end":{"line":1086,"column":95}}},"80":{"name":"(anonymous_80)","line":1087,"loc":{"start":{"line":1087,"column":126},"end":{"line":1087,"column":158}}}},"statementMap":{"1":{"start":{"line":2,"column":0},"end":{"line":6,"column":20}},"2":{"start":{"line":8,"column":0},"end":{"line":8,"column":45}},"3":{"start":{"line":9,"column":0},"end":{"line":9,"column":54}},"4":{"start":{"line":10,"column":0},"end":{"line":10,"column":68}},"5":{"start":{"line":12,"column":0},"end":{"line":26,"column":2}},"6":{"start":{"line":13,"column":1},"end":{"line":14,"column":30}},"7":{"start":{"line":14,"column":2},"end":{"line":14,"column":30}},"8":{"start":{"line":16,"column":1},"end":{"line":16,"column":40}},"9":{"start":{"line":17,"column":1},"end":{"line":17,"column":46}},"10":{"start":{"line":18,"column":1},"end":{"line":18,"column":34}},"11":{"start":{"line":20,"column":1},"end":{"line":20,"column":54}},"12":{"start":{"line":22,"column":1},"end":{"line":23,"column":77}},"13":{"start":{"line":25,"column":1},"end":{"line":25,"column":13}},"14":{"start":{"line":27,"column":0},"end":{"line":27,"column":26}},"15":{"start":{"line":29,"column":0},"end":{"line":37,"column":2}},"16":{"start":{"line":30,"column":1},"end":{"line":36,"column":4}},"17":{"start":{"line":31,"column":2},"end":{"line":35,"column":3}},"18":{"start":{"line":32,"column":3},"end":{"line":32,"column":19}},"19":{"start":{"line":34,"column":3},"end":{"line":34,"column":57}},"20":{"start":{"line":39,"column":0},"end":{"line":48,"column":2}},"21":{"start":{"line":40,"column":1},"end":{"line":40,"column":20}},"22":{"start":{"line":41,"column":1},"end":{"line":43,"column":2}},"23":{"start":{"line":42,"column":2},"end":{"line":42,"column":32}},"24":{"start":{"line":44,"column":1},"end":{"line":46,"column":2}},"25":{"start":{"line":45,"column":2},"end":{"line":45,"column":53}},"26":{"start":{"line":47,"column":1},"end":{"line":47,"column":43}},"27":{"start":{"line":50,"column":0},"end":{"line":58,"column":2}},"28":{"start":{"line":51,"column":1},"end":{"line":57,"column":4}},"29":{"start":{"line":52,"column":2},"end":{"line":56,"column":3}},"30":{"start":{"line":53,"column":3},"end":{"line":53,"column":19}},"31":{"start":{"line":55,"column":3},"end":{"line":55,"column":69}},"32":{"start":{"line":60,"column":0},"end":{"line":79,"column":2}},"33":{"start":{"line":61,"column":1},"end":{"line":61,"column":55}},"34":{"start":{"line":62,"column":1},"end":{"line":66,"column":2}},"35":{"start":{"line":63,"column":2},"end":{"line":63,"column":20}},"36":{"start":{"line":65,"column":2},"end":{"line":65,"column":45}},"37":{"start":{"line":67,"column":1},"end":{"line":78,"column":4}},"38":{"start":{"line":68,"column":2},"end":{"line":77,"column":3}},"39":{"start":{"line":69,"column":3},"end":{"line":69,"column":19}},"40":{"start":{"line":71,"column":3},"end":{"line":75,"column":4}},"41":{"start":{"line":72,"column":4},"end":{"line":72,"column":38}},"42":{"start":{"line":74,"column":4},"end":{"line":74,"column":32}},"43":{"start":{"line":76,"column":3},"end":{"line":76,"column":40}},"44":{"start":{"line":83,"column":0},"end":{"line":125,"column":2}},"45":{"start":{"line":84,"column":1},"end":{"line":84,"column":27}},"46":{"start":{"line":86,"column":1},"end":{"line":86,"column":9}},"47":{"start":{"line":87,"column":1},"end":{"line":111,"column":2}},"48":{"start":{"line":90,"column":3},"end":{"line":90,"column":25}},"49":{"start":{"line":91,"column":3},"end":{"line":91,"column":9}},"50":{"start":{"line":94,"column":3},"end":{"line":94,"column":29}},"51":{"start":{"line":95,"column":3},"end":{"line":95,"column":9}},"52":{"start":{"line":98,"column":3},"end":{"line":101,"column":4}},"53":{"start":{"line":99,"column":4},"end":{"line":99,"column":97}},"54":{"start":{"line":100,"column":4},"end":{"line":100,"column":17}},"55":{"start":{"line":102,"column":3},"end":{"line":102,"column":25}},"56":{"start":{"line":103,"column":3},"end":{"line":103,"column":9}},"57":{"start":{"line":106,"column":3},"end":{"line":106,"column":26}},"58":{"start":{"line":107,"column":3},"end":{"line":107,"column":9}},"59":{"start":{"line":109,"column":3},"end":{"line":109,"column":48}},"60":{"start":{"line":110,"column":3},"end":{"line":110,"column":16}},"61":{"start":{"line":113,"column":1},"end":{"line":124,"column":4}},"62":{"start":{"line":114,"column":2},"end":{"line":123,"column":3}},"63":{"start":{"line":115,"column":3},"end":{"line":115,"column":19}},"64":{"start":{"line":117,"column":3},"end":{"line":121,"column":4}},"65":{"start":{"line":118,"column":4},"end":{"line":118,"column":38}},"66":{"start":{"line":120,"column":4},"end":{"line":120,"column":32}},"67":{"start":{"line":122,"column":3},"end":{"line":122,"column":40}},"68":{"start":{"line":128,"column":0},"end":{"line":199,"column":2}},"69":{"start":{"line":129,"column":1},"end":{"line":129,"column":27}},"70":{"start":{"line":131,"column":1},"end":{"line":131,"column":25}},"71":{"start":{"line":132,"column":1},"end":{"line":155,"column":2}},"72":{"start":{"line":135,"column":3},"end":{"line":135,"column":56}},"73":{"start":{"line":136,"column":3},"end":{"line":136,"column":9}},"74":{"start":{"line":139,"column":3},"end":{"line":139,"column":56}},"75":{"start":{"line":140,"column":3},"end":{"line":140,"column":9}},"76":{"start":{"line":142,"column":3},"end":{"line":142,"column":63}},"77":{"start":{"line":143,"column":3},"end":{"line":143,"column":9}},"78":{"start":{"line":145,"column":3},"end":{"line":145,"column":65}},"79":{"start":{"line":146,"column":3},"end":{"line":146,"column":9}},"80":{"start":{"line":148,"column":3},"end":{"line":148,"column":19}},"81":{"start":{"line":149,"column":3},"end":{"line":149,"column":63}},"82":{"start":{"line":150,"column":3},"end":{"line":150,"column":9}},"83":{"start":{"line":152,"column":3},"end":{"line":152,"column":57}},"84":{"start":{"line":153,"column":3},"end":{"line":153,"column":87}},"85":{"start":{"line":154,"column":3},"end":{"line":154,"column":16}},"86":{"start":{"line":157,"column":1},"end":{"line":157,"column":9}},"87":{"start":{"line":158,"column":1},"end":{"line":162,"column":2}},"88":{"start":{"line":159,"column":2},"end":{"line":159,"column":95}},"89":{"start":{"line":161,"column":2},"end":{"line":161,"column":72}},"90":{"start":{"line":163,"column":1},"end":{"line":163,"column":14}},"91":{"start":{"line":164,"column":1},"end":{"line":195,"column":4}},"92":{"start":{"line":165,"column":2},"end":{"line":165,"column":27}},"93":{"start":{"line":166,"column":2},"end":{"line":191,"column":5}},"94":{"start":{"line":167,"column":3},"end":{"line":190,"column":4}},"95":{"start":{"line":168,"column":4},"end":{"line":168,"column":39}},"96":{"start":{"line":169,"column":4},"end":{"line":169,"column":11}},"97":{"start":{"line":170,"column":10},"end":{"line":190,"column":4}},"98":{"start":{"line":171,"column":4},"end":{"line":171,"column":48}},"99":{"start":{"line":172,"column":4},"end":{"line":172,"column":27}},"100":{"start":{"line":173,"column":4},"end":{"line":173,"column":13}},"101":{"start":{"line":175,"column":4},"end":{"line":175,"column":18}},"102":{"start":{"line":176,"column":4},"end":{"line":184,"column":5}},"103":{"start":{"line":177,"column":5},"end":{"line":177,"column":33}},"104":{"start":{"line":179,"column":5},"end":{"line":182,"column":26}},"105":{"start":{"line":183,"column":5},"end":{"line":183,"column":12}},"106":{"start":{"line":185,"column":4},"end":{"line":185,"column":44}},"107":{"start":{"line":186,"column":4},"end":{"line":186,"column":11}},"108":{"start":{"line":188,"column":4},"end":{"line":188,"column":20}},"109":{"start":{"line":189,"column":4},"end":{"line":189,"column":11}},"110":{"start":{"line":192,"column":2},"end":{"line":194,"column":5}},"111":{"start":{"line":193,"column":3},"end":{"line":193,"column":20}},"112":{"start":{"line":196,"column":1},"end":{"line":196,"column":11}},"113":{"start":{"line":198,"column":1},"end":{"line":198,"column":12}},"114":{"start":{"line":202,"column":0},"end":{"line":278,"column":2}},"115":{"start":{"line":203,"column":1},"end":{"line":203,"column":30}},"116":{"start":{"line":205,"column":1},"end":{"line":205,"column":20}},"117":{"start":{"line":206,"column":1},"end":{"line":249,"column":2}},"118":{"start":{"line":208,"column":3},"end":{"line":208,"column":33}},"119":{"start":{"line":209,"column":3},"end":{"line":209,"column":20}},"120":{"start":{"line":210,"column":3},"end":{"line":210,"column":9}},"121":{"start":{"line":212,"column":3},"end":{"line":212,"column":29}},"122":{"start":{"line":213,"column":3},"end":{"line":213,"column":20}},"123":{"start":{"line":214,"column":3},"end":{"line":214,"column":9}},"124":{"start":{"line":216,"column":3},"end":{"line":216,"column":18}},"125":{"start":{"line":217,"column":3},"end":{"line":217,"column":19}},"126":{"start":{"line":218,"column":3},"end":{"line":218,"column":9}},"127":{"start":{"line":220,"column":3},"end":{"line":220,"column":32}},"128":{"start":{"line":221,"column":3},"end":{"line":221,"column":20}},"129":{"start":{"line":222,"column":3},"end":{"line":222,"column":19}},"130":{"start":{"line":223,"column":3},"end":{"line":223,"column":9}},"131":{"start":{"line":225,"column":3},"end":{"line":225,"column":19}},"132":{"start":{"line":226,"column":3},"end":{"line":226,"column":9}},"133":{"start":{"line":228,"column":3},"end":{"line":228,"column":32}},"134":{"start":{"line":229,"column":3},"end":{"line":229,"column":20}},"135":{"start":{"line":230,"column":3},"end":{"line":230,"column":19}},"136":{"start":{"line":231,"column":3},"end":{"line":231,"column":9}},"137":{"start":{"line":233,"column":3},"end":{"line":233,"column":34}},"138":{"start":{"line":234,"column":3},"end":{"line":234,"column":20}},"139":{"start":{"line":235,"column":3},"end":{"line":235,"column":19}},"140":{"start":{"line":236,"column":3},"end":{"line":236,"column":9}},"141":{"start":{"line":238,"column":3},"end":{"line":238,"column":17}},"142":{"start":{"line":239,"column":3},"end":{"line":239,"column":9}},"143":{"start":{"line":241,"column":3},"end":{"line":241,"column":70}},"144":{"start":{"line":242,"column":3},"end":{"line":242,"column":10}},"145":{"start":{"line":244,"column":3},"end":{"line":244,"column":85}},"146":{"start":{"line":245,"column":3},"end":{"line":245,"column":16}},"147":{"start":{"line":247,"column":3},"end":{"line":247,"column":48}},"148":{"start":{"line":248,"column":3},"end":{"line":248,"column":16}},"149":{"start":{"line":251,"column":1},"end":{"line":277,"column":2}},"150":{"start":{"line":252,"column":2},"end":{"line":263,"column":5}},"151":{"start":{"line":253,"column":3},"end":{"line":262,"column":4}},"152":{"start":{"line":254,"column":4},"end":{"line":254,"column":108}},"153":{"start":{"line":256,"column":4},"end":{"line":260,"column":5}},"154":{"start":{"line":257,"column":5},"end":{"line":257,"column":39}},"155":{"start":{"line":259,"column":5},"end":{"line":259,"column":33}},"156":{"start":{"line":261,"column":4},"end":{"line":261,"column":41}},"157":{"start":{"line":265,"column":2},"end":{"line":276,"column":5}},"158":{"start":{"line":266,"column":3},"end":{"line":275,"column":4}},"159":{"start":{"line":267,"column":4},"end":{"line":267,"column":36}},"160":{"start":{"line":269,"column":4},"end":{"line":273,"column":5}},"161":{"start":{"line":270,"column":5},"end":{"line":270,"column":39}},"162":{"start":{"line":272,"column":5},"end":{"line":272,"column":33}},"163":{"start":{"line":274,"column":4},"end":{"line":274,"column":41}},"164":{"start":{"line":280,"column":0},"end":{"line":311,"column":2}},"165":{"start":{"line":281,"column":1},"end":{"line":300,"column":4}},"166":{"start":{"line":290,"column":2},"end":{"line":299,"column":3}},"167":{"start":{"line":291,"column":3},"end":{"line":291,"column":105}},"168":{"start":{"line":293,"column":3},"end":{"line":297,"column":4}},"169":{"start":{"line":294,"column":4},"end":{"line":294,"column":38}},"170":{"start":{"line":296,"column":4},"end":{"line":296,"column":32}},"171":{"start":{"line":298,"column":3},"end":{"line":298,"column":40}},"172":{"start":{"line":302,"column":1},"end":{"line":302,"column":60}},"173":{"start":{"line":305,"column":1},"end":{"line":305,"column":21}},"174":{"start":{"line":306,"column":1},"end":{"line":310,"column":2}},"175":{"start":{"line":307,"column":2},"end":{"line":307,"column":60}},"176":{"start":{"line":309,"column":2},"end":{"line":309,"column":39}},"177":{"start":{"line":320,"column":0},"end":{"line":322,"column":2}},"178":{"start":{"line":321,"column":1},"end":{"line":321,"column":88}},"179":{"start":{"line":324,"column":0},"end":{"line":398,"column":2}},"180":{"start":{"line":325,"column":1},"end":{"line":325,"column":28}},"181":{"start":{"line":326,"column":1},"end":{"line":326,"column":42}},"182":{"start":{"line":327,"column":1},"end":{"line":327,"column":16}},"183":{"start":{"line":328,"column":1},"end":{"line":328,"column":23}},"184":{"start":{"line":329,"column":1},"end":{"line":329,"column":18}},"185":{"start":{"line":330,"column":1},"end":{"line":335,"column":3}},"186":{"start":{"line":337,"column":1},"end":{"line":397,"column":4}},"187":{"start":{"line":338,"column":2},"end":{"line":338,"column":39}},"188":{"start":{"line":339,"column":2},"end":{"line":343,"column":4}},"189":{"start":{"line":344,"column":2},"end":{"line":348,"column":4}},"190":{"start":{"line":350,"column":2},"end":{"line":374,"column":4}},"191":{"start":{"line":351,"column":3},"end":{"line":373,"column":5}},"192":{"start":{"line":353,"column":4},"end":{"line":353,"column":15}},"193":{"start":{"line":354,"column":4},"end":{"line":372,"column":5}},"194":{"start":{"line":356,"column":5},"end":{"line":359,"column":7}},"195":{"start":{"line":360,"column":5},"end":{"line":371,"column":8}},"196":{"start":{"line":361,"column":6},"end":{"line":370,"column":7}},"197":{"start":{"line":362,"column":7},"end":{"line":362,"column":28}},"198":{"start":{"line":364,"column":7},"end":{"line":368,"column":8}},"199":{"start":{"line":365,"column":8},"end":{"line":365,"column":42}},"200":{"start":{"line":367,"column":8},"end":{"line":367,"column":33}},"201":{"start":{"line":369,"column":7},"end":{"line":369,"column":41}},"202":{"start":{"line":375,"column":2},"end":{"line":396,"column":5}},"203":{"start":{"line":376,"column":3},"end":{"line":376,"column":16}},"204":{"start":{"line":377,"column":3},"end":{"line":377,"column":47}},"205":{"start":{"line":378,"column":3},"end":{"line":395,"column":6}},"206":{"start":{"line":379,"column":4},"end":{"line":379,"column":24}},"207":{"start":{"line":381,"column":4},"end":{"lin
[...]
"\t\t\t}","\t\t});","\t}","};","","// Blocks","Twitter.prototype.blocks = function(type, params, accessToken, accessTokenSecret, callback) {","\tvar url = type.toLowerCase();","","\tvar method = \"GET\";","\tswitch (url) {","\t\tcase \"create\":","\t\tcase \"destroy\":","\t\t\tmethod = \"POST\";","\t\t\tbreak;","\t}","","\tif (method == \"GET\") {","\t\tthis.oa.get(baseUrl + \"blocks/\" + url + \".json?\" + querystring.stringify(params), accessToken, accessTokenSecret, function(error, data, response) {","\t\t\tif (error) {","\t\t\t\tcallback(error, data, response, baseUrl + \"blocks/\" + url + \".json?\" + querystring.stringify(params));","\t\t\t} else {","\t\t\t\ttry {","\t\t\t\t\tvar parsedData = JSON.parse(data);","\t\t\t\t} catch (e) {","\t\t\t\t\tcallback(e, data, response);","\t\t\t\t}","\t\t\t\tcallback(null, parsedData, response);","\t\t\t}","\t\t});","\t} else {","\t\tthis.oa.post(baseUrl + \"blocks/\" + url + \".json\", accessToken, accessTokenSecret, params, function(error, data, response) {","\t\t\tif (error) {","\t\t\t\tcallback(error, data, response);","\t\t\t} else {","\t\t\t\ttry {","\t\t\t\t\tvar parsedData = JSON.parse(data);","\t\t\t\t} catch (e) {","\t\t\t\t\tcallback(e, data, response);","\t\t\t\t}","\t\t\t\tcallback(null, parsedData, response);","\t\t\t}","\t\t});","\t}","};","","// Mutes","Twitter.prototype.mutes = function(type, params, accessToken, accessTokenSecret, callback) {","\tvar url = type.toLowerCase();","","\tvar method = \"GET\";","\tswitch (url) {","\t\tcase \"users/create\":","\t\tcase \"users/destroy\":","\t\t\tmethod = \"POST\";","\t\t\tbreak;","\t}","","\tif (method == \"GET\") {","\t\tthis.oa.get(baseUrl + \"mutes/\" + url + \".json?\" + querystring.stringify(params), accessToken, accessTokenSecret, function(error, data, response) {","\t\t\tif (error) {","\t\t\t\tcallback(error, data, response, baseUrl + \"mutes/\" + url + \".json?\" + querystring.stringify(params));","\t\t\t} else {","\t\t\t\ttry {","\t\t\t\t\tvar parsedData = JSON.parse(data);","\t\t\t\t} catch (e) {","\t\t\t\t\tcallback(e, data, response);","\t\t\t\t}","\t\t\t\tcallback(null, parsedData, response);","\t\t\t}","\t\t});","\t} else {","\t\tthis.oa.post(baseUrl + \"mutes/\" + url + \".json\", accessToken, accessTokenSecret, params, function(error, data, response) {","\t\t\tif (error) {","\t\t\t\tcallback(error, data, response);","\t\t\t} else {","\t\t\t\ttry {","\t\t\t\t\tvar parsedData = JSON.parse(data);","\t\t\t\t} catch (e) {","\t\t\t\t\tcallback(e, data, response);","\t\t\t\t}","\t\t\t\tcallback(null, parsedData, response);","\t\t\t}","\t\t});","\t}","};","","// Users","Twitter.prototype.users = function(type, params, accessToken, accessTokenSecret, callback) {","\tvar url = type.toLowerCase();","","\tthis.oa.get(baseUrl + \"users/\" + url + \".json?\" + querystring.stringify(params), accessToken, accessTokenSecret, function(error, data, response) {","\t\tif (error) {","\t\t\tcallback(error, data, response, baseUrl + \"users/\" + url + \".json?\" + querystring.stringify(params));","\t\t} else {","\t\t\ttry {","\t\t\t\tvar parsedData = JSON.parse(data);","\t\t\t} catch (e) {","\t\t\t\tcallback(e, data, response);","\t\t\t}","\t\t\tcallback(null, parsedData, response);","\t\t}","\t});","};","","// Suggestions","Twitter.prototype.suggestions = function(type, params, accessToken, accessTokenSecret, callback) {","\tvar url = type.toLowerCase();","\tvar method = \"GET\";","","\tswitch (url) {","\t\tcase \"suggestions\":","\t\tcase \"\":","\t\t\turl = \"\";","\t\t\tbreak;","\t\tcase \"members\":","\t\t\turl = params.slug + \"/members\";","\t\t\tdelete params.slug;","\t\t\tbreak;","\t\tcase \"slug\":","\t\t\turl = params.slug;","\t\t\tdelete params.slug;","\t\t\tbreak;","\t}","","\tthis.oa.get(baseUrl + \"users/suggestions\" + ((url) ? \"/\" + url : \"\") + \".json?\" + querystring.stringify(params), accessToken, accessTokenSecret, function(error, data, response) {","\t\tif (error) {","\t\t\tcallback(error, data, response, baseUrl + \"users/suggestions\" + ((url) ? \"/\" + url : \"\") + \".json?\" + querystring.stringify(params));","\t\t} else {","\t\t\ttry {","\t\t\t\tvar parsedData = JSON.parse(data);","\t\t\t} catch (e) {","\t\t\t\tcallback(e, data, response);","\t\t\t}","\t\t\tcallback(null, parsedData, response);","\t\t}","\t});","};","","// Favorites","Twitter.prototype.favorites = function(type, params, accessToken, accessTokenSecret, callback) {","\tvar url = type.toLowerCase();","\tvar method = \"GET\";","","\tswitch (url) {","\t\tcase \"destroy\":","\t\tcase \"create\":","\t\t\tmethod = \"POST\";","\t}","","\tif (method == \"GET\") {","\t\tthis.oa.get(baseUrl + \"favorites/\" + url + \".json?\" + querystring.stringify(params), accessToken, accessTokenSecret, function(error, data, response) {","\t\t\tif (error) {","\t\t\t\tcallback(error, data, response, baseUrl + \"favorites/\" + url + \".json?\" + querystring.stringify(params));","\t\t\t} else {","\t\t\t\ttry {","\t\t\t\t\tvar parsedData = JSON.parse(data);","\t\t\t\t} catch (e) {","\t\t\t\t\tcallback(e, data, response);","\t\t\t\t}","\t\t\t\tcallback(null, parsedData, response);","\t\t\t}","\t\t});","\t} else {","\t\tthis.oa.post(baseUrl + \"favorites/\" + url + \".json\", accessToken, accessTokenSecret, params, function(error, data, response) {","\t\t\tif (error) {","\t\t\t\tcallback(error, data, response);","\t\t\t} else {","\t\t\t\ttry {","\t\t\t\t\tvar parsedData = JSON.parse(data);","\t\t\t\t} catch (e) {","\t\t\t\t\tcallback(e, data, response);","\t\t\t\t}","\t\t\t\tcallback(null, parsedData, response);","\t\t\t}","\t\t});","\t}","};","","// Direct Messages","Twitter.prototype.direct_messages = function(type, params, accessToken, accessTokenSecret, callback) {","\tvar url = type.toLowerCase();","\tvar method = \"GET\";","","","\tswitch (url) {","\t\tcase \"direct_messages\":","\t\tcase \"\":","\t\t\turl = \"\";","\t\t\tbreak;","\t\tcase \"destroy\":","\t\tcase \"new\":","\t\t\tmethod = \"POST\";","\t}","","\tif (method == \"GET\") {","\t\tthis.oa.get(baseUrl + \"direct_messages\" + ((url) ? \"/\" + url : \"\") + \".json?\" + querystring.stringify(params), accessToken, accessTokenSecret, function(error, data, response) {","\t\t\tif (error) {","\t\t\t\tcallback(error, data, response, baseUrl + \"direct_messages\" + ((url) ? \"/\" + url : \"\") + \".json?\" + querystring.stringify(params));","\t\t\t} else {","\t\t\t\ttry {","\t\t\t\t\tvar parsedData = JSON.parse(data);","\t\t\t\t} catch (e) {","\t\t\t\t\tcallback(e, data, response);","\t\t\t\t}","\t\t\t\tcallback(null, parsedData, response);","\t\t\t}","\t\t});","\t} else {","\t\tthis.oa.post(baseUrl + \"direct_messages/\" + url + \".json\", accessToken, accessTokenSecret, params, function(error, data, response) {","\t\t\tif (error) {","\t\t\t\tcallback(error, data, response);","\t\t\t} else {","\t\t\t\ttry {","\t\t\t\t\tvar parsedData = JSON.parse(data);","\t\t\t\t} catch (e) {","\t\t\t\t\tcallback(e, data, response);","\t\t\t\t}","\t\t\t\tcallback(null, parsedData, response);","\t\t\t}","\t\t});","\t}","};","","// Lists","Twitter.prototype.lists = function(type, params, accessToken, accessTokenSecret, callback) {","\tvar url = type.toLowerCase();","\tvar method = \"GET\";","","\tswitch (url) {","\t\tcase \"members/destroy\":","\t\tcase \"members/destroy_all\":","\t\tcase \"members/create\":","\t\tcase \"members/create_all\":","\t\tcase \"subscribers/create\":","\t\tcase \"subscribers/destroy\":","\t\tcase \"destroy\":","\t\tcase \"update\":","\t\tcase \"create\":","\t\t\tmethod = \"POST\";","\t}","","\tif (method == \"GET\") {","\t\tthis.oa.get(baseUrl + \"lists/\" + url + \".json?\" + querystring.stringify(params), accessToken, accessTokenSecret, function(error, data, response) {","\t\t\tif (error) {","\t\t\t\tcallback(error, data, response, baseUrl + \"lists/\" + url + \".json?\" + querystring.stringify(params));","\t\t\t} else {","\t\t\t\ttry {","\t\t\t\t\tvar parsedData = JSON.parse(data);","\t\t\t\t} catch (e) {","\t\t\t\t\tcallback(e, data, response);","\t\t\t\t}","\t\t\t\tcallback(null, parsedData, response);","\t\t\t}","\t\t});","\t} else {","\t\tthis.oa.post(baseUrl + \"lists/\" + url + \".json\", accessToken, accessTokenSecret, params, function(error, data, response) {","\t\t\tif (error) {","\t\t\t\tcallback(error, data, response);","\t\t\t} else {","\t\t\t\ttry {","\t\t\t\t\tvar parsedData = JSON.parse(data);","\t\t\t\t} catch (e) {","\t\t\t\t\tcallback(e, data, response);","\t\t\t\t}","\t\t\t\tcallback(null, parsedData, response);","\t\t\t}","\t\t});","\t}","};","","","// Saved Searches","Twitter.prototype.savedSearches = function(type, params, accessToken, accessTokenSecret, callback) {","\tvar url = type.toLowerCase();","\tvar method = \"GET\";","","\tswitch (url) {","\t\tcase \"create\":","\t\t\tmethod = \"POST\";","\t\t\tbreak;","\t\tcase \"show\":","\t\t\turl = \"show/\" + params.id;","\t\t\tdelete params.id;","\t\t\tbreak;","\t\tcase \"destroy\":","\t\t\turl = \"destroy/\" + params.id;","\t\t\tdelete params.id;","\t\t\tmethod = \"POST\";","\t\t\tbreak;","\t}","","\tif (method == \"GET\") {","\t\tthis.oa.get(baseUrl + \"saved_searches/\" + url + \".json?\" + querystring.stringify(params), accessToken, accessTokenSecret, function(error, data, response) {","\t\t\tif (error) {","\t\t\t\tcallback(error, data, response, baseUrl + \"saved_searches/\" + url + \".json?\" + querystring.stringify(params));","\t\t\t} else {","\t\t\t\ttry {","\t\t\t\t\tvar parsedData = JSON.parse(data);","\t\t\t\t} catch (e) {","\t\t\t\t\tcallback(e, data, response);","\t\t\t\t}","\t\t\t\tcallback(null, parsedData, response);","\t\t\t}","\t\t});","\t} else {","\t\tthis.oa.post(baseUrl + \"saved_searches/\" + url + \".json\", accessToken, accessTokenSecret, params, function(error, data, response) {","\t\t\tif (error) {","\t\t\t\tcallback(error, data, response);","\t\t\t} else {","\t\t\t\ttry {","\t\t\t\t\tvar parsedData = JSON.parse(data);","\t\t\t\t} catch (e) {","\t\t\t\t\tcallback(e, data, response);","\t\t\t\t}","\t\t\t\tcallback(null, parsedData, response);","\t\t\t}","\t\t});","\t}","};","","// Geo","Twitter.prototype.geo = function(type, params, accessToken, accessTokenSecret, callback) {","\tvar url = type.toLowerCase();","\tvar method = \"GET\";","","\tswitch (url) {","\t\tcase \"place\":","\t\t\tmethod = \"POST\";","\t\t\tbreak;","\t\tcase \"id\":","\t\t\turl = \"id/\" + params.place_id;","\t\t\tdelete params.place_id;","\t\t\tbreak;","\t}","","\tif (method == \"GET\") {","\t\tthis.oa.get(baseUrl + \"geo/\" + url + \".json?\" + querystring.stringify(params), accessToken, accessTokenSecret, function(error, data, response) {","\t\t\tif (error) {","\t\t\t\tcallback(error, data, response, baseUrl + \"geo/\" + url + \".json?\" + querystring.stringify(params));","\t\t\t} else {","\t\t\t\ttry {","\t\t\t\t\tvar parsedData = JSON.parse(data);","\t\t\t\t} catch (e) {","\t\t\t\t\tcallback(e, data, response);","\t\t\t\t}","\t\t\t\tcallback(null, parsedData, response);","\t\t\t}","\t\t});","\t} else {","\t\tthis.oa.post(baseUrl + \"geo/\" + url + \".json\", accessToken, accessTokenSecret, params, function(error, data, response) {","\t\t\tif (error) {","\t\t\t\tcallback(error, data, response);","\t\t\t} else {","\t\t\t\ttry {","\t\t\t\t\tvar parsedData = JSON.parse(data);","\t\t\t\t} catch (e) {","\t\t\t\t\tcallback(e, data, response);","\t\t\t\t}","\t\t\t\tcallback(null, parsedData, response);","\t\t\t}","\t\t});","\t}","};","","// Trends","Twitter.prototype.trends = function(type, params, accessToken, accessTokenSecret, callback) {","\tvar url = type.toLowerCase();","","\tthis.oa.get(baseUrl + \"trends/\" + url + \".json?\" + querystring.stringify(params), accessToken, accessTokenSecret, function(error, data, response) {","\t\tif (error) {","\t\t\tcallback(error, data, response, baseUrl + \"trends/\" + url + \".json?\" + querystring.stringify(params));","\t\t} else {","\t\t\ttry {","\t\t\t\tvar parsedData = JSON.parse(data);","\t\t\t} catch (e) {","\t\t\t\tcallback(e, data, response);","\t\t\t}","\t\t\tcallback(null, parsedData, response);","\t\t}","\t});","};","","// Spam Reporting","Twitter.prototype.report_spam = function(type, params, accessToken, accessTokenSecret, callback) {","\tvar url = type.toLowerCase();","","\tthis.oa.post(baseUrl + \"users/report_spam.json\", accessToken, accessTokenSecret, params, function(error, data, response) {","\t\tif (error) {","\t\t\tcallback(error, data, response);","\t\t} else {","\t\t\ttry {","\t\t\t\tvar parsedData = JSON.parse(data);","\t\t\t} catch (e) {","\t\t\t\tcallback(e, data, response);","\t\t\t}","\t\t\tcallback(null, parsedData, response);","\t\t}","\t});","};","","// OAuth","Twitter.prototype.oauth = function(type, params, accessToken, accessTokenSecret, callback) {","\tvar url = type.toLowerCase();","\tvar method = \"GET\";","","\tswitch (url) {","\t\tcase \"access_token\":","\t\tcase \"request_token\":","\t\t\tmethod = \"POST\";","\t\t\turl = \"oauth/\" + url;","\t\t\tbreak;","\t\tcase \"token\":","\t\tcase \"invalidate_token\":","\t\t\tmethod = \"POST\";","\t\t\turl = \"oauth2/\" + url;","\t\t\tbreak;","\t\tdefault:","\t\t\turl = \"oauth/\" + url;","\t\t\tbreak;","\t}","","\tif (method == \"GET\") {","\t\tthis.oa.get(baseUrl + url + \".json?\" + querystring.stringify(params), accessToken, accessTokenSecret, function(error, data, response) {","\t\t\tif (error) {","\t\t\t\tcallback(error, data, response, baseUrl + \"geo/\" + url + \".json?\" + querystring.stringify(params));","\t\t\t} else {","\t\t\t\ttry {","\t\t\t\t\tvar parsedData = JSON.parse(data);","\t\t\t\t} catch (e) {","\t\t\t\t\tcallback(e, data, response);","\t\t\t\t}","\t\t\t\tcallback(null, parsedData, response);","\t\t\t}","\t\t});","\t} else {","\t\tthis.oa.post(baseUrl + url + \".json\", accessToken, accessTokenSecret, params, function(error, data, response) {","\t\t\tif (error) {","\t\t\t\tcallback(error, data, response);","\t\t\t} else {","\t\t\t\ttry {","\t\t\t\t\tvar parsedData = JSON.parse(data);","\t\t\t\t} catch (e) {","\t\t\t\t\tcallback(e, data, response);","\t\t\t\t}","\t\t\t\tcallback(null, parsedData, response);","\t\t\t}","\t\t});","\t}","};","","// Help","Twitter.prototype.help = function(type, params, accessToken, accessTokenSecret, callback) {","\tvar url = type.toLowerCase();","","\tthis.oa.get(baseUrl + \"help/\" + url + \".json?\" + querystring.stringify(params), accessToken, accessTokenSecret, function(error, data, response) {","\t\tif (error) {","\t\t\tcallback(error, data, response, baseUrl + \"help/\" + url + \".json?\" + querystring.stringify(params));","\t\t} else {","\t\t\ttry {","\t\t\t\tvar parsedData = JSON.parse(data);","\t\t\t} catch (e) {","\t\t\t\tcallback(e, data, response);","\t\t\t}","\t\t\tcallback(null, parsedData, response);","\t\t}","\t});","};","","// Rate Limit Status","Twitter.prototype.rateLimitStatus = function(params, accessToken, accessTokenSecret, callback) {","\tthis.oa.get(baseUrl + \"application/rate_limit_status.json?\" + querystring.stringify(params), accessToken, accessTokenSecret, function(error, data, response) {","\t\tif (error) {","\t\t\tcallback(error, data, response, baseUrl + \"application/rate_limit_status.json?\" + querystring.stringify(params));","\t\t} else {","\t\t\ttry {","\t\t\t\tvar parsedData = JSON.parse(data);","\t\t\t} catch (e) {","\t\t\t\tcallback(e, data, response);","\t\t\t}","\t\t\tcallback(null, parsedData, response);","\t\t}","\t});","};","","module.exports = Twitter;",""],"l":{"2":1,"8":1,"9":1,"10":1,"12":1,"13":0,"14":0,"16":0,"17":0,"18":0,"20":0,"22":0,"25":0,"27":1,"29":1,"30":0,"31":0,"32":0,"34":0,"39":1,"40":0,"41":0,"42":0,"44":0,"45":0,"47":0,"50":1,"51":0,"52":0,"53":0,"55":0,"60":1,"61":0,"62":0,"63":0,"65":0,"67":0,"68":0,"69":0,"71":0,"72":0,"74":0,"76":0,"83":1,"84":0,"86":0,"87":0,"90":0,"91":0,"94":0,"95":0,"98":0,"99":0,"100":0,"102":0,"103":0,"106":0,"107":0,"109":0,"110":0,"113":0,"114":0,"115":0,"117":0,"118":0,"120":0,"122":0,"128":1,"129":0,"131":0,"132":0,"135":0,"136":0,"139":0,"140":0,"142":0,"143":0,"145":0,"146":0,"148":0,"149":0,"150":0,"152":0,"153":0,"154":0,"157":0,"158":0,"159":0,"161":0,"163":0,"164":0,"165":0,"166":0,"167":0,"168":0,"169":0,"170":0,"171":0,"172":0,"173":0,"175":0,"176":0,"177":0,"179":0,"183":0,"185":0,"186":0,"188":0,"189":0,"192":0,"193":0,"196":0,"198":0,"202":1,"203":0,"205":0,"206":0,"208":0,"209":0,"210":0,"212":0,"213":0,"214":0,"216":0,"217":0,"218":0,"220":0,"221":0,"222":0,"223":0,"225":0,"226":0,"228":0,"229":0,"230":0,"231":0,"233":0,"234":0,"235":0,"236":0,"238":0,"239":0,"241":0,"242":0,"244":0,"245":0,"247":0,"248":0,"251":0,"252":0,"253":0,"254":0,"256":0,"257":0,"259":0,"261":0,"265":0,"266":0,"267":0,"269":0,"270":0,"272":0,"274":0,"280":1,"281":0,"290":0,"291":0,"293":0,"294":0,"296":0,"298":0,"302":0,"305":0,"306":0,"307":0,"309":0,"320":1,"321":0,"324":1,"325":0,"326":0,"327":0,"328":0,"329":0,"330":0,"337":0,"338":0,"339":0,"344":0,"350":0,"351":0,"353":0,"354":0,"356":0,"360":0,"361":0,"362":0,"364":0,"365":0,"367":0,"369":0,"375":0,"376":0,"377":0,"378":0,"379":0,"381":0,"383":0,"384":0,"385":0,"391":0,"392":0,"393":0,"403":1,"404":0,"405":0,"406":0,"408":0,"409":0,"411":0,"413":0,"419":1,"420":0,"422":0,"423":0,"426":0,"427":0,"428":0,"429":0,"431":0,"432":0,"434":0,"436":0,"440":0,"441":0,"442":0,"444":0,"445":0,"447":0,"449":0,"458":1,"459":0,"461":0,"462":0,"463":0,"465":0,"466":0,"468":0,"470":0,"476":1,"477":0,"479":0,"480":0,"481":0,"483":0,"484":0,"486":0,"488":0,"494":1,"495":0,"496":0,"499":0,"503":0,"507":0,"508":0,"509":0,"510":0,"512":0,"513":0,"515":0,"517":0,"521":0,"522":0,"523":0,"525":0,"526":0,"528":0,"530":0,"536":1,"538":0,"540":0,"549":0,"550":0,"552":0,"553":0,"555":0,"557":0,"562":0,"563":0,"564":0,"565":0,"569":0,"574":1,"575":0,"577":0,"578":0,"580":0,"581":0,"583":0,"585":0,"586":0,"588":0,"589":0,"592":0,"593":0,"594":0,"595":0,"597":0,"598":0,"600":0,"602":0,"606":0,"607":0,"608":0,"610":0,"611":0,"613":0,"615":0,"622":1,"623":0,"625":0,"626":0,"629":0,"630":0,"633":0,"634":0,"635":0,"636":0,"638":0,"639":0,"641":0,"643":0,"647":0,"648":0,"649":0,"651":0,"652":0,"654":0,"656":0,"663":1,"664":0,"666":0,"667":0,"670":0,"671":0,"674":0,"675":0,"676":0,"677":0,"679":0,"680":0,"682":0,"684":0,"688":0,"689":0,"690":0,"692":0,"693":0,"695":0,"697":0,"704":1,"705":0,"707":0,"708":0,"709":0,"711":0,"712":0,"714":0,"716":0,"722":1,"723":0,"724":0,"726":0,"729":0,"730":0,"732":0,"733":0,"734":0,"736":0,"737":0,"738":0,"741":0,"742":0,"743":0,"745":0,"746":0,"748":0,"750":0,"756":1,"757":0,"758":0,"760":0,"763":0,"766":0,"767":0,"768":0,"769":0,"771":0,"772":0,"774":0,"776":0,"780":0,"781":0,"782":0,"784":0,"785":0,"787":0,"789":0,"796":1,"797":0,"798":0,"801":0,"804":0,"805":0,"808":0,"811":0,"812":0,"813":0,"814":0,"816":0,"817":0,"819":0,"821":0,"825":0,"826":0,"827":0,"829":0,"830":0,"832":0,"834":0,"841":1,"842":0,"843":0,"845":0,"855":0,"858":0,"859":0,"860":0,"861":0,"863":0,"864":0,"866":0,"868":0,"872":0,"873":0,"874":0,"876":0,"877":0,"879":0,"881":0,"889":1,"890":0,"891":0,"893":0,"895":0,"896":0,"898":0,"899":0,"900":0,"902":0,"903":0,"904":0,"905":0,"908":0,"909":0,"910":0,"911":0,"913":0,"914":0,"916":0,"918":0,"922":0,"923":0,"924":0,"926":0,"927":0,"929":0,"931":0,"938":1,"939":0,"940":0,"942":0,"944":0,"945":0,"947":0,"948":0,"949":0,"952":0,"953":0,"954":0,"955":0,"957":0,"958":0,"960":0,"962":0,"966":0,"967":0,"968":0,"970":0,"971":0,"973":0,"975":0,"982":1,"983":0,"985":0,"986":0,"987":0,"989":0,"990":0,"992":0,"994":0,"1000":1,"1001":0,"1003":0,"1004":0,"1005":0,"1007":0,"1008":0,"1010":0,"1012":0,"1018":1,"1019":0,"1020":0,"1022":0,"1025":0,"1026":0,"1027":0,"1030":0,"1031":0,"1032":0,"1034":0,"1035":0,"1038":0,"1039":0,"1040":0,"1041":0,"1043":0,"1044":0,"1046":0,"1048":0,"1052":0,"1053":0,"1054":0,"1056":0,"1057":0,"1059":0,"1061":0,"1068":1,"1069":0,"1071":0,"1072":0,"1073":0,"1075":0,"1076":0,"1078":0,"1080":0,"1086":1,"1087":0,"1088":0,"1089":0,"1091":0,"1092":0,"1094":0,"1096":0,"1101":1}}}